#! /c/Source/iverilog-install/bin/vvp
:ivl_version "12.0 (devel)" "(s20150603-1539-g2693dd32b)";
:ivl_delay_selection "TYPICAL";
:vpi_time_precision + 0;
:vpi_module "D:\Apps\iverilog\lib\ivl\system.vpi";
:vpi_module "D:\Apps\iverilog\lib\ivl\vhdl_sys.vpi";
:vpi_module "D:\Apps\iverilog\lib\ivl\vhdl_textio.vpi";
:vpi_module "D:\Apps\iverilog\lib\ivl\v2005_math.vpi";
:vpi_module "D:\Apps\iverilog\lib\ivl\va_math.vpi";
:vpi_module "D:\Apps\iverilog\lib\ivl\v2009.vpi";
S_0000021e39866620 .scope package, "$unit" "$unit" 2 1;
 .timescale 0 0;
S_0000021e398667b0 .scope module, "data_cache" "data_cache" 3 8;
 .timescale 0 0;
    .port_info 0 /INPUT 1 "clock";
    .port_info 1 /INPUT 32 "address";
    .port_info 2 /INPUT 32 "cpu_data";
    .port_info 3 /INPUT 1 "read_en";
    .port_info 4 /INPUT 1 "write_en";
    .port_info 5 /OUTPUT 1 "hit_miss";
    .port_info 6 /OUTPUT 64 "data_ca2cpu";
    .port_info 7 /OUTPUT 64 "data_ca2mem";
    .port_info 8 /OUTPUT 32 "addr2read_mem";
    .port_info 9 /OUTPUT 1 "mem_rden";
    .port_info 10 /OUTPUT 32 "addr2write_mem";
    .port_info 11 /OUTPUT 1 "mem_wren";
    .port_info 12 /INPUT 64 "mem_data";
P_0000021e397b3840 .param/l "BLOCK_SIZE" 0 3 14, +C4<00000000000000000000000001000000>;
P_0000021e397b3878 .param/l "IDLE" 0 3 116, C4<0>;
P_0000021e397b38b0 .param/l "MEM_WIDTH" 0 3 16, +C4<00000000000000000000000001000000>;
P_0000021e397b38e8 .param/l "MISS" 0 3 117, C4<1>;
P_0000021e397b3920 .param/l "NUM_SETS" 0 3 13, +C4<00000000000000000000010000000000>;
P_0000021e397b3958 .param/l "NUM_WAYS" 0 3 12, +C4<00000000000000000000000000000100>;
P_0000021e397b3990 .param/l "OFFSET_WIDTH" 0 3 21, +C4<00000000000000000000000000000011>;
P_0000021e397b39c8 .param/l "SET_WIDTH" 0 3 19, +C4<00000000000000000000000000001010>;
P_0000021e397b3a00 .param/l "SIZE" 0 3 11, +C4<000000000000000000000000000000000000000000000000000000000000000000000000000001000000000000000000>;
P_0000021e397b3a38 .param/l "TAG_WIDTH" 0 3 20, +C4<00000000000000000000000000010011>;
P_0000021e397b3a70 .param/l "WIDTH" 0 3 15, +C4<00000000000000000000000000100000>;
P_0000021e397b3aa8 .param/l "WORD1" 0 3 24, +C4<00000000000000000000000000000011>;
P_0000021e397b3ae0 .param/l "WORD2" 0 3 25, +C4<00000000000000000000000000000111>;
L_0000021e3973ca60 .functor BUFZ 1, v0000021e3987a870_0, C4<0>, C4<0>, C4<0>;
L_0000021e3973c9f0 .functor AND 1, L_0000021e3987a9b0, L_0000021e3987ac30, C4<1>, C4<1>;
L_0000021e3973cde0 .functor AND 1, L_0000021e3987bef0, L_0000021e398c92f0, C4<1>, C4<1>;
L_0000021e3973c590 .functor OR 1, L_0000021e3973c9f0, L_0000021e3973cde0, C4<0>, C4<0>;
L_0000021e3973c440 .functor AND 1, L_0000021e398c8e90, L_0000021e398c9890, C4<1>, C4<1>;
L_0000021e3973d320 .functor OR 1, L_0000021e3973c590, L_0000021e3973c440, C4<0>, C4<0>;
L_0000021e3973c4b0 .functor AND 1, L_0000021e398c8530, L_0000021e398c8d50, C4<1>, C4<1>;
L_0000021e3973cfa0 .functor OR 1, L_0000021e3973d320, L_0000021e3973c4b0, C4<0>, C4<0>;
L_0000021e3973c520 .functor BUFZ 1, v0000021e3987bf90_0, C4<0>, C4<0>, C4<0>;
L_0000021e3973cad0 .functor BUFZ 64, v0000021e3987b450_0, C4<0000000000000000000000000000000000000000000000000000000000000000>, C4<0000000000000000000000000000000000000000000000000000000000000000>, C4<0000000000000000000000000000000000000000000000000000000000000000>;
L_0000021e3973c600 .functor BUFZ 32, v0000021e3987b310_0, C4<00000000000000000000000000000000>, C4<00000000000000000000000000000000>, C4<00000000000000000000000000000000>;
v0000021e3973b960_0 .net *"_ivl_10", 18 0, L_0000021e3987bb30;  1 drivers
L_0000021e3987c708 .functor BUFT 1, C4<00000000000000000000000000000000>, C4<0>, C4<0>, C4<0>;
v0000021e3973baa0_0 .net *"_ivl_105", 31 0, L_0000021e3987c708;  1 drivers
v0000021e39879260_0 .net *"_ivl_107", 18 0, L_0000021e398c85d0;  1 drivers
v0000021e39878ea0_0 .net *"_ivl_109", 9 0, L_0000021e398c91b0;  1 drivers
v0000021e39879620_0 .net *"_ivl_110", 28 0, L_0000021e398c9e30;  1 drivers
L_0000021e3987c750 .functor BUFT 1, C4<000>, C4<0>, C4<0>, C4<0>;
v0000021e39878860_0 .net *"_ivl_115", 2 0, L_0000021e3987c750;  1 drivers
v0000021e39878900_0 .net *"_ivl_13", 9 0, L_0000021e3987aaf0;  1 drivers
v0000021e39878180_0 .net *"_ivl_14", 11 0, L_0000021e3987ab90;  1 drivers
L_0000021e3987c510 .functor BUFT 1, C4<00>, C4<0>, C4<0>, C4<0>;
v0000021e39878360_0 .net *"_ivl_17", 1 0, L_0000021e3987c510;  1 drivers
v0000021e39878c20_0 .net *"_ivl_19", 18 0, L_0000021e3987bc70;  1 drivers
v0000021e39879120_0 .net *"_ivl_2", 0 0, L_0000021e3987a9b0;  1 drivers
v0000021e398789a0_0 .net *"_ivl_20", 0 0, L_0000021e3987ac30;  1 drivers
v0000021e39878ae0_0 .net *"_ivl_23", 0 0, L_0000021e3973c9f0;  1 drivers
v0000021e39879b20_0 .net *"_ivl_24", 0 0, L_0000021e3987bef0;  1 drivers
v0000021e39878cc0_0 .net *"_ivl_27", 9 0, L_0000021e3987ad70;  1 drivers
v0000021e398787c0_0 .net *"_ivl_28", 11 0, L_0000021e398c9c50;  1 drivers
L_0000021e3987c558 .functor BUFT 1, C4<00>, C4<0>, C4<0>, C4<0>;
v0000021e39878d60_0 .net *"_ivl_31", 1 0, L_0000021e3987c558;  1 drivers
v0000021e39878b80_0 .net *"_ivl_32", 18 0, L_0000021e398c9d90;  1 drivers
v0000021e39878a40_0 .net *"_ivl_35", 9 0, L_0000021e398c9cf0;  1 drivers
v0000021e398796c0_0 .net *"_ivl_36", 11 0, L_0000021e398ca1f0;  1 drivers
L_0000021e3987c5a0 .functor BUFT 1, C4<00>, C4<0>, C4<0>, C4<0>;
v0000021e39879c60_0 .net *"_ivl_39", 1 0, L_0000021e3987c5a0;  1 drivers
v0000021e39878e00_0 .net *"_ivl_41", 18 0, L_0000021e398c9930;  1 drivers
v0000021e39878f40_0 .net *"_ivl_42", 0 0, L_0000021e398c92f0;  1 drivers
v0000021e39878fe0_0 .net *"_ivl_45", 0 0, L_0000021e3973cde0;  1 drivers
v0000021e39879ee0_0 .net *"_ivl_47", 0 0, L_0000021e3973c590;  1 drivers
v0000021e39879080_0 .net *"_ivl_48", 0 0, L_0000021e398c8e90;  1 drivers
v0000021e39878400_0 .net *"_ivl_5", 9 0, L_0000021e3987b950;  1 drivers
v0000021e39879760_0 .net *"_ivl_51", 9 0, L_0000021e398c8cb0;  1 drivers
v0000021e398791c0_0 .net *"_ivl_52", 11 0, L_0000021e398c8f30;  1 drivers
L_0000021e3987c5e8 .functor BUFT 1, C4<00>, C4<0>, C4<0>, C4<0>;
v0000021e39879a80_0 .net *"_ivl_55", 1 0, L_0000021e3987c5e8;  1 drivers
v0000021e39879300_0 .net *"_ivl_56", 18 0, L_0000021e398c99d0;  1 drivers
v0000021e398793a0_0 .net *"_ivl_59", 9 0, L_0000021e398ca0b0;  1 drivers
v0000021e398784a0_0 .net *"_ivl_6", 11 0, L_0000021e3987b9f0;  1 drivers
v0000021e39879440_0 .net *"_ivl_60", 11 0, L_0000021e398c9750;  1 drivers
L_0000021e3987c630 .functor BUFT 1, C4<00>, C4<0>, C4<0>, C4<0>;
v0000021e39879d00_0 .net *"_ivl_63", 1 0, L_0000021e3987c630;  1 drivers
v0000021e39879bc0_0 .net *"_ivl_65", 18 0, L_0000021e398c9a70;  1 drivers
v0000021e39878540_0 .net *"_ivl_66", 0 0, L_0000021e398c9890;  1 drivers
v0000021e398785e0_0 .net *"_ivl_69", 0 0, L_0000021e3973c440;  1 drivers
v0000021e39879800_0 .net *"_ivl_71", 0 0, L_0000021e3973d320;  1 drivers
v0000021e39878680_0 .net *"_ivl_72", 0 0, L_0000021e398c8530;  1 drivers
v0000021e398794e0_0 .net *"_ivl_75", 9 0, L_0000021e398c9110;  1 drivers
v0000021e39879580_0 .net *"_ivl_76", 11 0, L_0000021e398c8fd0;  1 drivers
L_0000021e3987c678 .functor BUFT 1, C4<00>, C4<0>, C4<0>, C4<0>;
v0000021e39879da0_0 .net *"_ivl_79", 1 0, L_0000021e3987c678;  1 drivers
v0000021e398798a0_0 .net *"_ivl_80", 18 0, L_0000021e398c9bb0;  1 drivers
v0000021e39879e40_0 .net *"_ivl_83", 9 0, L_0000021e398ca150;  1 drivers
v0000021e39879940_0 .net *"_ivl_84", 11 0, L_0000021e398c9b10;  1 drivers
L_0000021e3987c6c0 .functor BUFT 1, C4<00>, C4<0>, C4<0>, C4<0>;
v0000021e398799e0_0 .net *"_ivl_87", 1 0, L_0000021e3987c6c0;  1 drivers
v0000021e39879f80_0 .net *"_ivl_89", 18 0, L_0000021e398c9f70;  1 drivers
L_0000021e3987c4c8 .functor BUFT 1, C4<00>, C4<0>, C4<0>, C4<0>;
v0000021e398780e0_0 .net *"_ivl_9", 1 0, L_0000021e3987c4c8;  1 drivers
v0000021e39878220_0 .net *"_ivl_90", 0 0, L_0000021e398c8d50;  1 drivers
v0000021e398782c0_0 .net *"_ivl_93", 0 0, L_0000021e3973c4b0;  1 drivers
v0000021e39878720_0 .net *"_ivl_95", 0 0, L_0000021e3973cfa0;  1 drivers
v0000021e3987a0f0_0 .net "addr2read_mem", 31 0, L_0000021e398c8a30;  1 drivers
v0000021e3987a190_0 .net "addr2write_mem", 31 0, L_0000021e3973c600;  1 drivers
o0000021e397b4548 .functor BUFZ 32, C4<zzzzzzzzzzzzzzzzzzzzzzzzzzzzzzzz>; HiZ drive
v0000021e3987a910_0 .net "address", 31 0, o0000021e397b4548;  0 drivers
o0000021e397b4578 .functor BUFZ 1, C4<z>; HiZ drive
v0000021e3987ae10_0 .net "clock", 0 0, o0000021e397b4578;  0 drivers
o0000021e397b45a8 .functor BUFZ 32, C4<zzzzzzzzzzzzzzzzzzzzzzzzzzzzzzzz>; HiZ drive
v0000021e3987aeb0_0 .net "cpu_data", 31 0, o0000021e397b45a8;  0 drivers
v0000021e3987b090 .array "data1", 1023 0, 63 0;
v0000021e3987af50 .array "data2", 1023 0, 63 0;
v0000021e3987b810 .array "data3", 1023 0, 63 0;
v0000021e3987bdb0 .array "data4", 1023 0, 63 0;
v0000021e3987b1d0_0 .net "data_ca2cpu", 63 0, L_0000021e398c9430;  1 drivers
v0000021e3987b6d0_0 .net "data_ca2mem", 63 0, L_0000021e3973cad0;  1 drivers
v0000021e3987a410 .array "dirty1", 1023 0, 0 0;
v0000021e3987b130 .array "dirty2", 1023 0, 0 0;
v0000021e3987b270 .array "dirty3", 1023 0, 0 0;
v0000021e3987a230 .array "dirty4", 1023 0, 0 0;
v0000021e3987a550_0 .net "hit_miss", 0 0, L_0000021e3973ca60;  1 drivers
v0000021e3987a2d0_0 .var/i "k", 31 0;
v0000021e3987bd10 .array "lru1", 1023 0, 1 0;
v0000021e3987acd0 .array "lru2", 1023 0, 1 0;
v0000021e3987a370 .array "lru3", 1023 0, 1 0;
v0000021e3987a7d0 .array "lru4", 1023 0, 1 0;
o0000021e397b4698 .functor BUFZ 64, C4<zzzzzzzzzzzzzzzzzzzzzzzzzzzzzzzzzzzzzzzzzzzzzzzzzzzzzzzzzzzzzzzz>; HiZ drive
v0000021e3987be50_0 .net "mem_data", 63 0, o0000021e397b4698;  0 drivers
v0000021e3987b8b0_0 .net "mem_rden", 0 0, L_0000021e398ca3d0;  1 drivers
v0000021e3987aff0_0 .net "mem_wren", 0 0, L_0000021e3973c520;  1 drivers
o0000021e397b4728 .functor BUFZ 1, C4<z>; HiZ drive
v0000021e3987a4b0_0 .net "read_en", 0 0, o0000021e397b4728;  0 drivers
v0000021e3987b310_0 .var "rg_addr2write_mem", 31 0;
v0000021e3987b3b0_0 .var "rg_data_ca2cpu", 31 0;
v0000021e3987b450_0 .var "rg_data_ca2mem", 63 0;
v0000021e3987a870_0 .var "rg_hit_miss", 0 0;
v0000021e3987bf90_0 .var "rg_mem_wren", 0 0;
v0000021e3987a5f0_0 .var "state", 0 0;
v0000021e3987aa50 .array "tag1", 1023 0, 18 0;
v0000021e3987a690 .array "tag2", 1023 0, 18 0;
v0000021e3987ba90 .array "tag3", 1023 0, 18 0;
v0000021e3987b770 .array "tag4", 1023 0, 18 0;
v0000021e3987b4f0 .array "valid1", 1023 0, 0 0;
v0000021e3987b590 .array "valid2", 1023 0, 0 0;
v0000021e3987bbd0 .array "valid3", 1023 0, 0 0;
v0000021e3987a730 .array "valid4", 1023 0, 0 0;
o0000021e397b4878 .functor BUFZ 1, C4<z>; HiZ drive
v0000021e3987b630_0 .net "write_en", 0 0, o0000021e397b4878;  0 drivers
E_0000021e397a8a20 .event posedge, v0000021e3987ae10_0;
L_0000021e3987a9b0 .array/port v0000021e3987b4f0, L_0000021e3987b9f0;
L_0000021e3987b950 .part o0000021e397b4548, 3, 10;
L_0000021e3987b9f0 .concat [ 10 2 0 0], L_0000021e3987b950, L_0000021e3987c4c8;
L_0000021e3987bb30 .array/port v0000021e3987aa50, L_0000021e3987ab90;
L_0000021e3987aaf0 .part o0000021e397b4548, 3, 10;
L_0000021e3987ab90 .concat [ 10 2 0 0], L_0000021e3987aaf0, L_0000021e3987c510;
L_0000021e3987bc70 .part o0000021e397b4548, 13, 19;
L_0000021e3987ac30 .cmp/eq 19, L_0000021e3987bb30, L_0000021e3987bc70;
L_0000021e3987bef0 .array/port v0000021e3987b590, L_0000021e398c9c50;
L_0000021e3987ad70 .part o0000021e397b4548, 3, 10;
L_0000021e398c9c50 .concat [ 10 2 0 0], L_0000021e3987ad70, L_0000021e3987c558;
L_0000021e398c9d90 .array/port v0000021e3987a690, L_0000021e398ca1f0;
L_0000021e398c9cf0 .part o0000021e397b4548, 3, 10;
L_0000021e398ca1f0 .concat [ 10 2 0 0], L_0000021e398c9cf0, L_0000021e3987c5a0;
L_0000021e398c9930 .part o0000021e397b4548, 13, 19;
L_0000021e398c92f0 .cmp/eq 19, L_0000021e398c9d90, L_0000021e398c9930;
L_0000021e398c8e90 .array/port v0000021e3987bbd0, L_0000021e398c8f30;
L_0000021e398c8cb0 .part o0000021e397b4548, 3, 10;
L_0000021e398c8f30 .concat [ 10 2 0 0], L_0000021e398c8cb0, L_0000021e3987c5e8;
L_0000021e398c99d0 .array/port v0000021e3987ba90, L_0000021e398c9750;
L_0000021e398ca0b0 .part o0000021e397b4548, 3, 10;
L_0000021e398c9750 .concat [ 10 2 0 0], L_0000021e398ca0b0, L_0000021e3987c630;
L_0000021e398c9a70 .part o0000021e397b4548, 13, 19;
L_0000021e398c9890 .cmp/eq 19, L_0000021e398c99d0, L_0000021e398c9a70;
L_0000021e398c8530 .array/port v0000021e3987a730, L_0000021e398c8fd0;
L_0000021e398c9110 .part o0000021e397b4548, 3, 10;
L_0000021e398c8fd0 .concat [ 10 2 0 0], L_0000021e398c9110, L_0000021e3987c678;
L_0000021e398c9bb0 .array/port v0000021e3987b770, L_0000021e398c9b10;
L_0000021e398ca150 .part o0000021e397b4548, 3, 10;
L_0000021e398c9b10 .concat [ 10 2 0 0], L_0000021e398ca150, L_0000021e3987c6c0;
L_0000021e398c9f70 .part o0000021e397b4548, 13, 19;
L_0000021e398c8d50 .cmp/eq 19, L_0000021e398c9bb0, L_0000021e398c9f70;
L_0000021e398ca3d0 .reduce/nor L_0000021e3973cfa0;
L_0000021e398c9430 .concat [ 32 32 0 0], v0000021e3987b3b0_0, L_0000021e3987c708;
L_0000021e398c85d0 .part o0000021e397b4548, 13, 19;
L_0000021e398c91b0 .part o0000021e397b4548, 3, 10;
L_0000021e398c9e30 .concat [ 10 19 0 0], L_0000021e398c91b0, L_0000021e398c85d0;
L_0000021e398c8a30 .concat [ 29 3 0 0], L_0000021e398c9e30, L_0000021e3987c750;
    .scope S_0000021e398667b0;
T_0 ;
    %pushi/vec4 0, 0, 1;
    %store/vec4 v0000021e3987a870_0, 0, 1;
    %pushi/vec4 0, 0, 32;
    %store/vec4 v0000021e3987b3b0_0, 0, 32;
    %pushi/vec4 0, 0, 64;
    %store/vec4 v0000021e3987b450_0, 0, 64;
    %pushi/vec4 0, 0, 32;
    %store/vec4 v0000021e3987b310_0, 0, 32;
    %pushi/vec4 0, 0, 1;
    %store/vec4 v0000021e3987bf90_0, 0, 1;
    %pushi/vec4 0, 0, 1;
    %store/vec4 v0000021e3987a5f0_0, 0, 1;
    %end;
    .thread T_0, $init;
    .scope S_0000021e398667b0;
T_1 ;
    %pushi/vec4 0, 0, 32;
    %store/vec4 v0000021e3987a2d0_0, 0, 32;
T_1.0 ;
    %load/vec4 v0000021e3987a2d0_0;
    %cmpi/s 1024, 0, 32;
    %jmp/0xz T_1.1, 5;
    %pushi/vec4 0, 0, 1;
    %ix/getv/s 4, v0000021e3987a2d0_0;
    %store/vec4a v0000021e3987b4f0, 4, 0;
    %pushi/vec4 0, 0, 1;
    %ix/getv/s 4, v0000021e3987a2d0_0;
    %store/vec4a v0000021e3987b590, 4, 0;
    %pushi/vec4 0, 0, 1;
    %ix/getv/s 4, v0000021e3987a2d0_0;
    %store/vec4a v0000021e3987bbd0, 4, 0;
    %pushi/vec4 0, 0, 1;
    %ix/getv/s 4, v0000021e3987a2d0_0;
    %store/vec4a v0000021e3987a730, 4, 0;
    %pushi/vec4 0, 0, 1;
    %ix/getv/s 4, v0000021e3987a2d0_0;
    %store/vec4a v0000021e3987a410, 4, 0;
    %pushi/vec4 0, 0, 1;
    %ix/getv/s 4, v0000021e3987a2d0_0;
    %store/vec4a v0000021e3987b130, 4, 0;
    %pushi/vec4 0, 0, 1;
    %ix/getv/s 4, v0000021e3987a2d0_0;
    %store/vec4a v0000021e3987b270, 4, 0;
    %pushi/vec4 0, 0, 1;
    %ix/getv/s 4, v0000021e3987a2d0_0;
    %store/vec4a v0000021e3987a230, 4, 0;
    %pushi/vec4 0, 0, 2;
    %ix/getv/s 4, v0000021e3987a2d0_0;
    %store/vec4a v0000021e3987bd10, 4, 0;
    %pushi/vec4 0, 0, 2;
    %ix/getv/s 4, v0000021e3987a2d0_0;
    %store/vec4a v0000021e3987acd0, 4, 0;
    %pushi/vec4 0, 0, 2;
    %ix/getv/s 4, v0000021e3987a2d0_0;
    %store/vec4a v0000021e3987a370, 4, 0;
    %pushi/vec4 0, 0, 2;
    %ix/getv/s 4, v0000021e3987a2d0_0;
    %store/vec4a v0000021e3987a7d0, 4, 0;
    %load/vec4 v0000021e3987a2d0_0;
    %addi 1, 0, 32;
    %store/vec4 v0000021e3987a2d0_0, 0, 32;
    %jmp T_1.0;
T_1.1 ;
    %end;
    .thread T_1;
    .scope S_0000021e398667b0;
T_2 ;
    %wait E_0000021e397a8a20;
    %load/vec4 v0000021e3987a5f0_0;
    %dup/vec4;
    %pushi/vec4 0, 0, 1;
    %cmp/u;
    %jmp/1 T_2.0, 6;
    %dup/vec4;
    %pushi/vec4 1, 0, 1;
    %cmp/u;
    %jmp/1 T_2.1, 6;
    %pushi/vec4 0, 0, 1;
    %assign/vec4 v0000021e3987a5f0_0, 0;
    %jmp T_2.3;
T_2.0 ;
    %pushi/vec4 0, 0, 1;
    %assign/vec4 v0000021e3987bf90_0, 0;
    %load/vec4 v0000021e3987a910_0;
    %parti/s 10, 3, 3;
    %pad/u 12;
    %ix/vec4 4;
    %load/vec4a v0000021e3987b4f0, 4;
    %flag_set/vec4 9;
    %flag_get/vec4 9;
    %jmp/0 T_2.7, 9;
    %load/vec4 v0000021e3987a910_0;
    %parti/s 10, 3, 3;
    %pad/u 12;
    %ix/vec4 4;
    %load/vec4a v0000021e3987aa50, 4;
    %load/vec4 v0000021e3987a910_0;
    %parti/s 19, 13, 5;
    %cmp/e;
    %flag_get/vec4 4;
    %and;
T_2.7;
    %flag_set/vec4 8;
    %jmp/1 T_2.6, 8;
    %load/vec4 v0000021e3987a910_0;
    %parti/s 10, 3, 3;
    %pad/u 12;
    %ix/vec4 4;
    %load/vec4a v0000021e3987b590, 4;
    %flag_set/vec4 10;
    %flag_get/vec4 10;
    %jmp/0 T_2.8, 10;
    %load/vec4 v0000021e3987a910_0;
    %parti/s 10, 3, 3;
    %pad/u 12;
    %ix/vec4 4;
    %load/vec4a v0000021e3987a690, 4;
    %load/vec4 v0000021e3987a910_0;
    %parti/s 19, 13, 5;
    %cmp/e;
    %flag_get/vec4 4;
    %and;
T_2.8;
    %flag_set/vec4 9;
    %flag_or 8, 9;
T_2.6;
    %jmp/1 T_2.5, 8;
    %load/vec4 v0000021e3987a910_0;
    %parti/s 10, 3, 3;
    %pad/u 12;
    %ix/vec4 4;
    %load/vec4a v0000021e3987bbd0, 4;
    %flag_set/vec4 10;
    %flag_get/vec4 10;
    %jmp/0 T_2.9, 10;
    %load/vec4 v0000021e3987a910_0;
    %parti/s 10, 3, 3;
    %pad/u 12;
    %ix/vec4 4;
    %load/vec4a v0000021e3987ba90, 4;
    %load/vec4 v0000021e3987a910_0;
    %parti/s 19, 13, 5;
    %cmp/e;
    %flag_get/vec4 4;
    %and;
T_2.9;
    %flag_set/vec4 9;
    %flag_or 8, 9;
T_2.5;
    %flag_get/vec4 8;
    %jmp/1 T_2.4, 8;
    %load/vec4 v0000021e3987a910_0;
    %parti/s 10, 3, 3;
    %pad/u 12;
    %ix/vec4 4;
    %load/vec4a v0000021e3987a730, 4;
    %flag_set/vec4 8;
    %flag_get/vec4 8;
    %jmp/0 T_2.10, 8;
    %load/vec4 v0000021e3987a910_0;
    %parti/s 10, 3, 3;
    %pad/u 12;
    %ix/vec4 4;
    %load/vec4a v0000021e3987b770, 4;
    %load/vec4 v0000021e3987a910_0;
    %parti/s 19, 13, 5;
    %cmp/e;
    %flag_get/vec4 4;
    %and;
T_2.10;
    %or;
T_2.4;
    %assign/vec4 v0000021e3987a870_0, 0;
    %load/vec4 v0000021e3987a4b0_0;
    %inv;
    %flag_set/vec4 9;
    %flag_get/vec4 9;
    %jmp/0 T_2.13, 9;
    %load/vec4 v0000021e3987b630_0;
    %inv;
    %and;
T_2.13;
    %flag_set/vec4 8;
    %jmp/0xz  T_2.11, 8;
    %pushi/vec4 0, 0, 1;
    %assign/vec4 v0000021e3987a5f0_0, 0;
    %jmp T_2.12;
T_2.11 ;
    %load/vec4 v0000021e3987a910_0;
    %parti/s 10, 3, 3;
    %pad/u 12;
    %ix/vec4 4;
    %load/vec4a v0000021e3987b4f0, 4;
    %flag_set/vec4 9;
    %flag_get/vec4 9;
    %jmp/0 T_2.16, 9;
    %load/vec4 v0000021e3987a910_0;
    %parti/s 10, 3, 3;
    %pad/u 12;
    %ix/vec4 4;
    %load/vec4a v0000021e3987aa50, 4;
    %load/vec4 v0000021e3987a910_0;
    %parti/s 19, 13, 5;
    %cmp/e;
    %flag_get/vec4 4;
    %and;
T_2.16;
    %flag_set/vec4 8;
    %jmp/0xz  T_2.14, 8;
    %load/vec4 v0000021e3987a4b0_0;
    %flag_set/vec4 8;
    %jmp/0xz  T_2.17, 8;
    %load/vec4 v0000021e3987a910_0;
    %parti/s 3, 0, 2;
    %dup/vec4;
    %pushi/vec4 3, 0, 3;
    %cmp/u;
    %jmp/1 T_2.19, 6;
    %dup/vec4;
    %pushi/vec4 7, 0, 3;
    %cmp/u;
    %jmp/1 T_2.20, 6;
    %jmp T_2.21;
T_2.19 ;
    %load/vec4 v0000021e3987a910_0;
    %parti/s 10, 3, 3;
    %pad/u 12;
    %ix/vec4 4;
    %load/vec4a v0000021e3987b090, 4;
    %parti/s 32, 0, 2;
    %assign/vec4 v0000021e3987b3b0_0, 0;
    %jmp T_2.21;
T_2.20 ;
    %load/vec4 v0000021e3987a910_0;
    %parti/s 10, 3, 3;
    %pad/u 12;
    %ix/vec4 4;
    %load/vec4a v0000021e3987b090, 4;
    %parti/s 32, 32, 7;
    %assign/vec4 v0000021e3987b3b0_0, 0;
    %jmp T_2.21;
T_2.21 ;
    %pop/vec4 1;
    %jmp T_2.18;
T_2.17 ;
    %load/vec4 v0000021e3987b630_0;
    %flag_set/vec4 8;
    %jmp/0xz  T_2.22, 8;
    %pushi/vec4 0, 0, 32;
    %store/vec4 v0000021e3987b3b0_0, 0, 32;
    %pushi/vec4 1, 0, 1;
    %load/vec4 v0000021e3987a910_0;
    %parti/s 10, 3, 3;
    %pad/u 12;
    %ix/vec4 3;
    %ix/load 4, 0, 0; Constant delay
    %assign/vec4/a/d v0000021e3987a410, 0, 4;
    %load/vec4 v0000021e3987a910_0;
    %parti/s 3, 0, 2;
    %pad/u 32;
    %cmpi/u 3, 0, 32;
    %flag_or 5, 4;
    %jmp/0xz  T_2.24, 5;
    %load/vec4 v0000021e3987aeb0_0;
    %load/vec4 v0000021e3987a910_0;
    %parti/s 10, 3, 3;
    %pad/u 12;
    %ix/vec4 3;
    %ix/load 4, 0, 0; Constant delay
    %assign/vec4/a/d v0000021e3987b090, 0, 4;
    %jmp T_2.25;
T_2.24 ;
    %load/vec4 v0000021e3987aeb0_0;
    %load/vec4 v0000021e3987a910_0;
    %parti/s 10, 3, 3;
    %pad/u 12;
    %ix/vec4 3;
    %ix/load 4, 32, 0; part off
    %ix/load 5, 0, 0; Constant delay
    %assign/vec4/a/d v0000021e3987b090, 4, 5;
T_2.25 ;
T_2.22 ;
T_2.18 ;
    %load/vec4 v0000021e3987a910_0;
    %parti/s 10, 3, 3;
    %pad/u 12;
    %ix/vec4 4;
    %load/vec4a v0000021e3987acd0, 4;
    %load/vec4 v0000021e3987a910_0;
    %parti/s 10, 3, 3;
    %pad/u 12;
    %ix/vec4 4;
    %load/vec4a v0000021e3987bd10, 4;
    %cmp/u;
    %flag_or 5, 4;
    %jmp/0xz  T_2.26, 5;
    %load/vec4 v0000021e3987a910_0;
    %parti/s 10, 3, 3;
    %pad/u 12;
    %ix/vec4 4;
    %load/vec4a v0000021e3987acd0, 4;
    %addi 1, 0, 2;
    %load/vec4 v0000021e3987a910_0;
    %parti/s 10, 3, 3;
    %pad/u 12;
    %ix/vec4 3;
    %ix/load 4, 0, 0; Constant delay
    %assign/vec4/a/d v0000021e3987acd0, 0, 4;
T_2.26 ;
    %load/vec4 v0000021e3987a910_0;
    %parti/s 10, 3, 3;
    %pad/u 12;
    %ix/vec4 4;
    %load/vec4a v0000021e3987a370, 4;
    %load/vec4 v0000021e3987a910_0;
    %parti/s 10, 3, 3;
    %pad/u 12;
    %ix/vec4 4;
    %load/vec4a v0000021e3987bd10, 4;
    %cmp/u;
    %flag_or 5, 4;
    %jmp/0xz  T_2.28, 5;
    %load/vec4 v0000021e3987a910_0;
    %parti/s 10, 3, 3;
    %pad/u 12;
    %ix/vec4 4;
    %load/vec4a v0000021e3987a370, 4;
    %addi 1, 0, 2;
    %load/vec4 v0000021e3987a910_0;
    %parti/s 10, 3, 3;
    %pad/u 12;
    %ix/vec4 3;
    %ix/load 4, 0, 0; Constant delay
    %assign/vec4/a/d v0000021e3987a370, 0, 4;
T_2.28 ;
    %load/vec4 v0000021e3987a910_0;
    %parti/s 10, 3, 3;
    %pad/u 12;
    %ix/vec4 4;
    %load/vec4a v0000021e3987a7d0, 4;
    %load/vec4 v0000021e3987a910_0;
    %parti/s 10, 3, 3;
    %pad/u 12;
    %ix/vec4 4;
    %load/vec4a v0000021e3987bd10, 4;
    %cmp/u;
    %flag_or 5, 4;
    %jmp/0xz  T_2.30, 5;
    %load/vec4 v0000021e3987a910_0;
    %parti/s 10, 3, 3;
    %pad/u 12;
    %ix/vec4 4;
    %load/vec4a v0000021e3987a7d0, 4;
    %addi 1, 0, 2;
    %load/vec4 v0000021e3987a910_0;
    %parti/s 10, 3, 3;
    %pad/u 12;
    %ix/vec4 3;
    %ix/load 4, 0, 0; Constant delay
    %assign/vec4/a/d v0000021e3987a7d0, 0, 4;
T_2.30 ;
    %pushi/vec4 0, 0, 2;
    %load/vec4 v0000021e3987a910_0;
    %parti/s 10, 3, 3;
    %pad/u 12;
    %ix/vec4 3;
    %ix/load 4, 0, 0; Constant delay
    %assign/vec4/a/d v0000021e3987bd10, 0, 4;
    %jmp T_2.15;
T_2.14 ;
    %load/vec4 v0000021e3987a910_0;
    %parti/s 10, 3, 3;
    %pad/u 12;
    %ix/vec4 4;
    %load/vec4a v0000021e3987b590, 4;
    %flag_set/vec4 9;
    %flag_get/vec4 9;
    %jmp/0 T_2.34, 9;
    %load/vec4 v0000021e3987a910_0;
    %parti/s 10, 3, 3;
    %pad/u 12;
    %ix/vec4 4;
    %load/vec4a v0000021e3987a690, 4;
    %load/vec4 v0000021e3987a910_0;
    %parti/s 19, 13, 5;
    %cmp/e;
    %flag_get/vec4 4;
    %and;
T_2.34;
    %flag_set/vec4 8;
    %jmp/0xz  T_2.32, 8;
    %load/vec4 v0000021e3987a4b0_0;
    %flag_set/vec4 8;
    %jmp/0xz  T_2.35, 8;
    %load/vec4 v0000021e3987a910_0;
    %parti/s 3, 0, 2;
    %dup/vec4;
    %pushi/vec4 3, 0, 3;
    %cmp/u;
    %jmp/1 T_2.37, 6;
    %dup/vec4;
    %pushi/vec4 7, 0, 3;
    %cmp/u;
    %jmp/1 T_2.38, 6;
    %jmp T_2.39;
T_2.37 ;
    %load/vec4 v0000021e3987a910_0;
    %parti/s 10, 3, 3;
    %pad/u 12;
    %ix/vec4 4;
    %load/vec4a v0000021e3987af50, 4;
    %parti/s 32, 0, 2;
    %assign/vec4 v0000021e3987b3b0_0, 0;
    %jmp T_2.39;
T_2.38 ;
    %load/vec4 v0000021e3987a910_0;
    %parti/s 10, 3, 3;
    %pad/u 12;
    %ix/vec4 4;
    %load/vec4a v0000021e3987af50, 4;
    %parti/s 32, 32, 7;
    %assign/vec4 v0000021e3987b3b0_0, 0;
    %jmp T_2.39;
T_2.39 ;
    %pop/vec4 1;
    %jmp T_2.36;
T_2.35 ;
    %load/vec4 v0000021e3987b630_0;
    %flag_set/vec4 8;
    %jmp/0xz  T_2.40, 8;
    %pushi/vec4 0, 0, 32;
    %store/vec4 v0000021e3987b3b0_0, 0, 32;
    %pushi/vec4 1, 0, 1;
    %load/vec4 v0000021e3987a910_0;
    %parti/s 10, 3, 3;
    %pad/u 12;
    %ix/vec4 3;
    %ix/load 4, 0, 0; Constant delay
    %assign/vec4/a/d v0000021e3987b130, 0, 4;
    %load/vec4 v0000021e3987a910_0;
    %parti/s 3, 0, 2;
    %pad/u 32;
    %cmpi/u 3, 0, 32;
    %flag_or 5, 4;
    %jmp/0xz  T_2.42, 5;
    %load/vec4 v0000021e3987aeb0_0;
    %load/vec4 v0000021e3987a910_0;
    %parti/s 10, 3, 3;
    %pad/u 12;
    %ix/vec4 3;
    %ix/load 4, 0, 0; Constant delay
    %assign/vec4/a/d v0000021e3987af50, 0, 4;
    %jmp T_2.43;
T_2.42 ;
    %load/vec4 v0000021e3987aeb0_0;
    %load/vec4 v0000021e3987a910_0;
    %parti/s 10, 3, 3;
    %pad/u 12;
    %ix/vec4 3;
    %ix/load 4, 32, 0; part off
    %ix/load 5, 0, 0; Constant delay
    %assign/vec4/a/d v0000021e3987af50, 4, 5;
T_2.43 ;
T_2.40 ;
T_2.36 ;
    %load/vec4 v0000021e3987a910_0;
    %parti/s 10, 3, 3;
    %pad/u 12;
    %ix/vec4 4;
    %load/vec4a v0000021e3987bd10, 4;
    %load/vec4 v0000021e3987a910_0;
    %parti/s 10, 3, 3;
    %pad/u 12;
    %ix/vec4 4;
    %load/vec4a v0000021e3987acd0, 4;
    %cmp/u;
    %flag_or 5, 4;
    %jmp/0xz  T_2.44, 5;
    %load/vec4 v0000021e3987a910_0;
    %parti/s 10, 3, 3;
    %pad/u 12;
    %ix/vec4 4;
    %load/vec4a v0000021e3987bd10, 4;
    %addi 1, 0, 2;
    %load/vec4 v0000021e3987a910_0;
    %parti/s 10, 3, 3;
    %pad/u 12;
    %ix/vec4 3;
    %ix/load 4, 0, 0; Constant delay
    %assign/vec4/a/d v0000021e3987bd10, 0, 4;
T_2.44 ;
    %load/vec4 v0000021e3987a910_0;
    %parti/s 10, 3, 3;
    %pad/u 12;
    %ix/vec4 4;
    %load/vec4a v0000021e3987a370, 4;
    %load/vec4 v0000021e3987a910_0;
    %parti/s 10, 3, 3;
    %pad/u 12;
    %ix/vec4 4;
    %load/vec4a v0000021e3987acd0, 4;
    %cmp/u;
    %flag_or 5, 4;
    %jmp/0xz  T_2.46, 5;
    %load/vec4 v0000021e3987a910_0;
    %parti/s 10, 3, 3;
    %pad/u 12;
    %ix/vec4 4;
    %load/vec4a v0000021e3987a370, 4;
    %addi 1, 0, 2;
    %load/vec4 v0000021e3987a910_0;
    %parti/s 10, 3, 3;
    %pad/u 12;
    %ix/vec4 3;
    %ix/load 4, 0, 0; Constant delay
    %assign/vec4/a/d v0000021e3987a370, 0, 4;
T_2.46 ;
    %load/vec4 v0000021e3987a910_0;
    %parti/s 10, 3, 3;
    %pad/u 12;
    %ix/vec4 4;
    %load/vec4a v0000021e3987a7d0, 4;
    %load/vec4 v0000021e3987a910_0;
    %parti/s 10, 3, 3;
    %pad/u 12;
    %ix/vec4 4;
    %load/vec4a v0000021e3987acd0, 4;
    %cmp/u;
    %flag_or 5, 4;
    %jmp/0xz  T_2.48, 5;
    %load/vec4 v0000021e3987a910_0;
    %parti/s 10, 3, 3;
    %pad/u 12;
    %ix/vec4 4;
    %load/vec4a v0000021e3987a7d0, 4;
    %addi 1, 0, 2;
    %load/vec4 v0000021e3987a910_0;
    %parti/s 10, 3, 3;
    %pad/u 12;
    %ix/vec4 3;
    %ix/load 4, 0, 0; Constant delay
    %assign/vec4/a/d v0000021e3987a7d0, 0, 4;
T_2.48 ;
    %pushi/vec4 0, 0, 2;
    %load/vec4 v0000021e3987a910_0;
    %parti/s 10, 3, 3;
    %pad/u 12;
    %ix/vec4 3;
    %ix/load 4, 0, 0; Constant delay
    %assign/vec4/a/d v0000021e3987acd0, 0, 4;
    %jmp T_2.33;
T_2.32 ;
    %load/vec4 v0000021e3987a910_0;
    %parti/s 10, 3, 3;
    %pad/u 12;
    %ix/vec4 4;
    %load/vec4a v0000021e3987bbd0, 4;
    %flag_set/vec4 9;
    %flag_get/vec4 9;
    %jmp/0 T_2.52, 9;
    %load/vec4 v0000021e3987a910_0;
    %parti/s 10, 3, 3;
    %pad/u 12;
    %ix/vec4 4;
    %load/vec4a v0000021e3987ba90, 4;
    %load/vec4 v0000021e3987a910_0;
    %parti/s 19, 13, 5;
    %cmp/e;
    %flag_get/vec4 4;
    %and;
T_2.52;
    %flag_set/vec4 8;
    %jmp/0xz  T_2.50, 8;
    %load/vec4 v0000021e3987a4b0_0;
    %flag_set/vec4 8;
    %jmp/0xz  T_2.53, 8;
    %load/vec4 v0000021e3987a910_0;
    %parti/s 3, 0, 2;
    %dup/vec4;
    %pushi/vec4 3, 0, 3;
    %cmp/u;
    %jmp/1 T_2.55, 6;
    %dup/vec4;
    %pushi/vec4 7, 0, 3;
    %cmp/u;
    %jmp/1 T_2.56, 6;
    %jmp T_2.57;
T_2.55 ;
    %load/vec4 v0000021e3987a910_0;
    %parti/s 10, 3, 3;
    %pad/u 12;
    %ix/vec4 4;
    %load/vec4a v0000021e3987b810, 4;
    %parti/s 32, 0, 2;
    %assign/vec4 v0000021e3987b3b0_0, 0;
    %jmp T_2.57;
T_2.56 ;
    %load/vec4 v0000021e3987a910_0;
    %parti/s 10, 3, 3;
    %pad/u 12;
    %ix/vec4 4;
    %load/vec4a v0000021e3987b810, 4;
    %parti/s 32, 32, 7;
    %assign/vec4 v0000021e3987b3b0_0, 0;
    %jmp T_2.57;
T_2.57 ;
    %pop/vec4 1;
    %jmp T_2.54;
T_2.53 ;
    %load/vec4 v0000021e3987b630_0;
    %flag_set/vec4 8;
    %jmp/0xz  T_2.58, 8;
    %pushi/vec4 0, 0, 32;
    %store/vec4 v0000021e3987b3b0_0, 0, 32;
    %pushi/vec4 1, 0, 1;
    %load/vec4 v0000021e3987a910_0;
    %parti/s 10, 3, 3;
    %pad/u 12;
    %ix/vec4 3;
    %ix/load 4, 0, 0; Constant delay
    %assign/vec4/a/d v0000021e3987b270, 0, 4;
    %load/vec4 v0000021e3987a910_0;
    %parti/s 3, 0, 2;
    %pad/u 32;
    %cmpi/u 3, 0, 32;
    %flag_or 5, 4;
    %jmp/0xz  T_2.60, 5;
    %load/vec4 v0000021e3987aeb0_0;
    %load/vec4 v0000021e3987a910_0;
    %parti/s 10, 3, 3;
    %pad/u 12;
    %ix/vec4 3;
    %ix/load 4, 0, 0; Constant delay
    %assign/vec4/a/d v0000021e3987b810, 0, 4;
    %jmp T_2.61;
T_2.60 ;
    %load/vec4 v0000021e3987aeb0_0;
    %load/vec4 v0000021e3987a910_0;
    %parti/s 10, 3, 3;
    %pad/u 12;
    %ix/vec4 3;
    %ix/load 4, 32, 0; part off
    %ix/load 5, 0, 0; Constant delay
    %assign/vec4/a/d v0000021e3987b810, 4, 5;
T_2.61 ;
T_2.58 ;
T_2.54 ;
    %load/vec4 v0000021e3987a910_0;
    %parti/s 10, 3, 3;
    %pad/u 12;
    %ix/vec4 4;
    %load/vec4a v0000021e3987bd10, 4;
    %load/vec4 v0000021e3987a910_0;
    %parti/s 10, 3, 3;
    %pad/u 12;
    %ix/vec4 4;
    %load/vec4a v0000021e3987a370, 4;
    %cmp/u;
    %flag_or 5, 4;
    %jmp/0xz  T_2.62, 5;
    %load/vec4 v0000021e3987a910_0;
    %parti/s 10, 3, 3;
    %pad/u 12;
    %ix/vec4 4;
    %load/vec4a v0000021e3987bd10, 4;
    %addi 1, 0, 2;
    %load/vec4 v0000021e3987a910_0;
    %parti/s 10, 3, 3;
    %pad/u 12;
    %ix/vec4 3;
    %ix/load 4, 0, 0; Constant delay
    %assign/vec4/a/d v0000021e3987bd10, 0, 4;
T_2.62 ;
    %load/vec4 v0000021e3987a910_0;
    %parti/s 10, 3, 3;
    %pad/u 12;
    %ix/vec4 4;
    %load/vec4a v0000021e3987acd0, 4;
    %load/vec4 v0000021e3987a910_0;
    %parti/s 10, 3, 3;
    %pad/u 12;
    %ix/vec4 4;
    %load/vec4a v0000021e3987a370, 4;
    %cmp/u;
    %flag_or 5, 4;
    %jmp/0xz  T_2.64, 5;
    %load/vec4 v0000021e3987a910_0;
    %parti/s 10, 3, 3;
    %pad/u 12;
    %ix/vec4 4;
    %load/vec4a v0000021e3987acd0, 4;
    %addi 1, 0, 2;
    %load/vec4 v0000021e3987a910_0;
    %parti/s 10, 3, 3;
    %pad/u 12;
    %ix/vec4 3;
    %ix/load 4, 0, 0; Constant delay
    %assign/vec4/a/d v0000021e3987acd0, 0, 4;
T_2.64 ;
    %load/vec4 v0000021e3987a910_0;
    %parti/s 10, 3, 3;
    %pad/u 12;
    %ix/vec4 4;
    %load/vec4a v0000021e3987a7d0, 4;
    %load/vec4 v0000021e3987a910_0;
    %parti/s 10, 3, 3;
    %pad/u 12;
    %ix/vec4 4;
    %load/vec4a v0000021e3987a370, 4;
    %cmp/u;
    %flag_or 5, 4;
    %jmp/0xz  T_2.66, 5;
    %load/vec4 v0000021e3987a910_0;
    %parti/s 10, 3, 3;
    %pad/u 12;
    %ix/vec4 4;
    %load/vec4a v0000021e3987a7d0, 4;
    %addi 1, 0, 2;
    %load/vec4 v0000021e3987a910_0;
    %parti/s 10, 3, 3;
    %pad/u 12;
    %ix/vec4 3;
    %ix/load 4, 0, 0; Constant delay
    %assign/vec4/a/d v0000021e3987a7d0, 0, 4;
T_2.66 ;
    %pushi/vec4 0, 0, 2;
    %load/vec4 v0000021e3987a910_0;
    %parti/s 10, 3, 3;
    %pad/u 12;
    %ix/vec4 3;
    %ix/load 4, 0, 0; Constant delay
    %assign/vec4/a/d v0000021e3987a370, 0, 4;
    %jmp T_2.51;
T_2.50 ;
    %load/vec4 v0000021e3987a910_0;
    %parti/s 10, 3, 3;
    %pad/u 12;
    %ix/vec4 4;
    %load/vec4a v0000021e3987a730, 4;
    %flag_set/vec4 9;
    %flag_get/vec4 9;
    %jmp/0 T_2.70, 9;
    %load/vec4 v0000021e3987a910_0;
    %parti/s 10, 3, 3;
    %pad/u 12;
    %ix/vec4 4;
    %load/vec4a v0000021e3987b770, 4;
    %load/vec4 v0000021e3987a910_0;
    %parti/s 19, 13, 5;
    %cmp/e;
    %flag_get/vec4 4;
    %and;
T_2.70;
    %flag_set/vec4 8;
    %jmp/0xz  T_2.68, 8;
    %load/vec4 v0000021e3987a4b0_0;
    %flag_set/vec4 8;
    %jmp/0xz  T_2.71, 8;
    %load/vec4 v0000021e3987a910_0;
    %parti/s 3, 0, 2;
    %dup/vec4;
    %pushi/vec4 3, 0, 3;
    %cmp/u;
    %jmp/1 T_2.73, 6;
    %dup/vec4;
    %pushi/vec4 7, 0, 3;
    %cmp/u;
    %jmp/1 T_2.74, 6;
    %jmp T_2.75;
T_2.73 ;
    %load/vec4 v0000021e3987a910_0;
    %parti/s 10, 3, 3;
    %pad/u 12;
    %ix/vec4 4;
    %load/vec4a v0000021e3987bdb0, 4;
    %parti/s 32, 0, 2;
    %assign/vec4 v0000021e3987b3b0_0, 0;
    %jmp T_2.75;
T_2.74 ;
    %load/vec4 v0000021e3987a910_0;
    %parti/s 10, 3, 3;
    %pad/u 12;
    %ix/vec4 4;
    %load/vec4a v0000021e3987bdb0, 4;
    %parti/s 32, 32, 7;
    %assign/vec4 v0000021e3987b3b0_0, 0;
    %jmp T_2.75;
T_2.75 ;
    %pop/vec4 1;
    %jmp T_2.72;
T_2.71 ;
    %load/vec4 v0000021e3987b630_0;
    %flag_set/vec4 8;
    %jmp/0xz  T_2.76, 8;
    %pushi/vec4 0, 0, 32;
    %store/vec4 v0000021e3987b3b0_0, 0, 32;
    %pushi/vec4 1, 0, 1;
    %load/vec4 v0000021e3987a910_0;
    %parti/s 10, 3, 3;
    %pad/u 12;
    %ix/vec4 3;
    %ix/load 4, 0, 0; Constant delay
    %assign/vec4/a/d v0000021e3987a230, 0, 4;
    %load/vec4 v0000021e3987a910_0;
    %parti/s 3, 0, 2;
    %pad/u 32;
    %cmpi/u 3, 0, 32;
    %flag_or 5, 4;
    %jmp/0xz  T_2.78, 5;
    %load/vec4 v0000021e3987aeb0_0;
    %load/vec4 v0000021e3987a910_0;
    %parti/s 10, 3, 3;
    %pad/u 12;
    %ix/vec4 3;
    %ix/load 4, 0, 0; Constant delay
    %assign/vec4/a/d v0000021e3987bdb0, 0, 4;
    %jmp T_2.79;
T_2.78 ;
    %load/vec4 v0000021e3987aeb0_0;
    %load/vec4 v0000021e3987a910_0;
    %parti/s 10, 3, 3;
    %pad/u 12;
    %ix/vec4 3;
    %ix/load 4, 32, 0; part off
    %ix/load 5, 0, 0; Constant delay
    %assign/vec4/a/d v0000021e3987bdb0, 4, 5;
T_2.79 ;
T_2.76 ;
T_2.72 ;
    %load/vec4 v0000021e3987a910_0;
    %parti/s 10, 3, 3;
    %pad/u 12;
    %ix/vec4 4;
    %load/vec4a v0000021e3987bd10, 4;
    %load/vec4 v0000021e3987a910_0;
    %parti/s 10, 3, 3;
    %pad/u 12;
    %ix/vec4 4;
    %load/vec4a v0000021e3987a7d0, 4;
    %cmp/u;
    %flag_or 5, 4;
    %jmp/0xz  T_2.80, 5;
    %load/vec4 v0000021e3987a910_0;
    %parti/s 10, 3, 3;
    %pad/u 12;
    %ix/vec4 4;
    %load/vec4a v0000021e3987bd10, 4;
    %addi 1, 0, 2;
    %load/vec4 v0000021e3987a910_0;
    %parti/s 10, 3, 3;
    %pad/u 12;
    %ix/vec4 3;
    %ix/load 4, 0, 0; Constant delay
    %assign/vec4/a/d v0000021e3987bd10, 0, 4;
T_2.80 ;
    %load/vec4 v0000021e3987a910_0;
    %parti/s 10, 3, 3;
    %pad/u 12;
    %ix/vec4 4;
    %load/vec4a v0000021e3987acd0, 4;
    %load/vec4 v0000021e3987a910_0;
    %parti/s 10, 3, 3;
    %pad/u 12;
    %ix/vec4 4;
    %load/vec4a v0000021e3987a7d0, 4;
    %cmp/u;
    %flag_or 5, 4;
    %jmp/0xz  T_2.82, 5;
    %load/vec4 v0000021e3987a910_0;
    %parti/s 10, 3, 3;
    %pad/u 12;
    %ix/vec4 4;
    %load/vec4a v0000021e3987acd0, 4;
    %addi 1, 0, 2;
    %load/vec4 v0000021e3987a910_0;
    %parti/s 10, 3, 3;
    %pad/u 12;
    %ix/vec4 3;
    %ix/load 4, 0, 0; Constant delay
    %assign/vec4/a/d v0000021e3987acd0, 0, 4;
T_2.82 ;
    %load/vec4 v0000021e3987a910_0;
    %parti/s 10, 3, 3;
    %pad/u 12;
    %ix/vec4 4;
    %load/vec4a v0000021e3987a370, 4;
    %load/vec4 v0000021e3987a910_0;
    %parti/s 10, 3, 3;
    %pad/u 12;
    %ix/vec4 4;
    %load/vec4a v0000021e3987a7d0, 4;
    %cmp/u;
    %flag_or 5, 4;
    %jmp/0xz  T_2.84, 5;
    %load/vec4 v0000021e3987a910_0;
    %parti/s 10, 3, 3;
    %pad/u 12;
    %ix/vec4 4;
    %load/vec4a v0000021e3987a370, 4;
    %addi 1, 0, 2;
    %load/vec4 v0000021e3987a910_0;
    %parti/s 10, 3, 3;
    %pad/u 12;
    %ix/vec4 3;
    %ix/load 4, 0, 0; Constant delay
    %assign/vec4/a/d v0000021e3987a370, 0, 4;
T_2.84 ;
    %pushi/vec4 0, 0, 2;
    %load/vec4 v0000021e3987a910_0;
    %parti/s 10, 3, 3;
    %pad/u 12;
    %ix/vec4 3;
    %ix/load 4, 0, 0; Constant delay
    %assign/vec4/a/d v0000021e3987a7d0, 0, 4;
    %jmp T_2.69;
T_2.68 ;
    %pushi/vec4 1, 0, 1;
    %assign/vec4 v0000021e3987a5f0_0, 0;
T_2.69 ;
T_2.51 ;
T_2.33 ;
T_2.15 ;
T_2.12 ;
    %jmp T_2.3;
T_2.1 ;
    %load/vec4 v0000021e3987a910_0;
    %parti/s 10, 3, 3;
    %pad/u 12;
    %ix/vec4 4;
    %load/vec4a v0000021e3987b4f0, 4;
    %inv;
    %flag_set/vec4 8;
    %jmp/0xz  T_2.86, 8;
    %load/vec4 v0000021e3987a190_0;
    %pad/u 64;
    %load/vec4 v0000021e3987a910_0;
    %parti/s 10, 3, 3;
    %pad/u 12;
    %ix/vec4 3;
    %ix/load 4, 0, 0; Constant delay
    %assign/vec4/a/d v0000021e3987b090, 0, 4;
    %load/vec4 v0000021e3987a910_0;
    %parti/s 19, 13, 5;
    %load/vec4 v0000021e3987a910_0;
    %parti/s 10, 3, 3;
    %pad/u 12;
    %ix/vec4 3;
    %ix/load 4, 0, 0; Constant delay
    %assign/vec4/a/d v0000021e3987aa50, 0, 4;
    %pushi/vec4 0, 0, 1;
    %load/vec4 v0000021e3987a910_0;
    %parti/s 10, 3, 3;
    %pad/u 12;
    %ix/vec4 3;
    %ix/load 4, 0, 0; Constant delay
    %assign/vec4/a/d v0000021e3987a410, 0, 4;
    %pushi/vec4 1, 0, 1;
    %load/vec4 v0000021e3987a910_0;
    %parti/s 10, 3, 3;
    %pad/u 12;
    %ix/vec4 3;
    %ix/load 4, 0, 0; Constant delay
    %assign/vec4/a/d v0000021e3987b4f0, 0, 4;
    %jmp T_2.87;
T_2.86 ;
    %load/vec4 v0000021e3987a910_0;
    %parti/s 10, 3, 3;
    %pad/u 12;
    %ix/vec4 4;
    %load/vec4a v0000021e3987b590, 4;
    %inv;
    %flag_set/vec4 8;
    %jmp/0xz  T_2.88, 8;
    %load/vec4 v0000021e3987a190_0;
    %pad/u 64;
    %load/vec4 v0000021e3987a910_0;
    %parti/s 10, 3, 3;
    %pad/u 12;
    %ix/vec4 3;
    %ix/load 4, 0, 0; Constant delay
    %assign/vec4/a/d v0000021e3987af50, 0, 4;
    %load/vec4 v0000021e3987a910_0;
    %parti/s 19, 13, 5;
    %load/vec4 v0000021e3987a910_0;
    %parti/s 10, 3, 3;
    %pad/u 12;
    %ix/vec4 3;
    %ix/load 4, 0, 0; Constant delay
    %assign/vec4/a/d v0000021e3987a690, 0, 4;
    %pushi/vec4 0, 0, 1;
    %load/vec4 v0000021e3987a910_0;
    %parti/s 10, 3, 3;
    %pad/u 12;
    %ix/vec4 3;
    %ix/load 4, 0, 0; Constant delay
    %assign/vec4/a/d v0000021e3987b130, 0, 4;
    %pushi/vec4 1, 0, 1;
    %load/vec4 v0000021e3987a910_0;
    %parti/s 10, 3, 3;
    %pad/u 12;
    %ix/vec4 3;
    %ix/load 4, 0, 0; Constant delay
    %assign/vec4/a/d v0000021e3987b590, 0, 4;
    %jmp T_2.89;
T_2.88 ;
    %load/vec4 v0000021e3987a910_0;
    %parti/s 10, 3, 3;
    %pad/u 12;
    %ix/vec4 4;
    %load/vec4a v0000021e3987bbd0, 4;
    %inv;
    %flag_set/vec4 8;
    %jmp/0xz  T_2.90, 8;
    %load/vec4 v0000021e3987a190_0;
    %pad/u 64;
    %load/vec4 v0000021e3987a910_0;
    %parti/s 10, 3, 3;
    %pad/u 12;
    %ix/vec4 3;
    %ix/load 4, 0, 0; Constant delay
    %assign/vec4/a/d v0000021e3987b810, 0, 4;
    %load/vec4 v0000021e3987a910_0;
    %parti/s 19, 13, 5;
    %load/vec4 v0000021e3987a910_0;
    %parti/s 10, 3, 3;
    %pad/u 12;
    %ix/vec4 3;
    %ix/load 4, 0, 0; Constant delay
    %assign/vec4/a/d v0000021e3987ba90, 0, 4;
    %pushi/vec4 0, 0, 1;
    %load/vec4 v0000021e3987a910_0;
    %parti/s 10, 3, 3;
    %pad/u 12;
    %ix/vec4 3;
    %ix/load 4, 0, 0; Constant delay
    %assign/vec4/a/d v0000021e3987b270, 0, 4;
    %pushi/vec4 1, 0, 1;
    %load/vec4 v0000021e3987a910_0;
    %parti/s 10, 3, 3;
    %pad/u 12;
    %ix/vec4 3;
    %ix/load 4, 0, 0; Constant delay
    %assign/vec4/a/d v0000021e3987bbd0, 0, 4;
    %jmp T_2.91;
T_2.90 ;
    %load/vec4 v0000021e3987a910_0;
    %parti/s 10, 3, 3;
    %pad/u 12;
    %ix/vec4 4;
    %load/vec4a v0000021e3987a730, 4;
    %inv;
    %flag_set/vec4 8;
    %jmp/0xz  T_2.92, 8;
    %load/vec4 v0000021e3987a190_0;
    %pad/u 64;
    %load/vec4 v0000021e3987a910_0;
    %parti/s 10, 3, 3;
    %pad/u 12;
    %ix/vec4 3;
    %ix/load 4, 0, 0; Constant delay
    %assign/vec4/a/d v0000021e3987bdb0, 0, 4;
    %load/vec4 v0000021e3987a910_0;
    %parti/s 19, 13, 5;
    %load/vec4 v0000021e3987a910_0;
    %parti/s 10, 3, 3;
    %pad/u 12;
    %ix/vec4 3;
    %ix/load 4, 0, 0; Constant delay
    %assign/vec4/a/d v0000021e3987b770, 0, 4;
    %pushi/vec4 0, 0, 1;
    %load/vec4 v0000021e3987a910_0;
    %parti/s 10, 3, 3;
    %pad/u 12;
    %ix/vec4 3;
    %ix/load 4, 0, 0; Constant delay
    %assign/vec4/a/d v0000021e3987a230, 0, 4;
    %pushi/vec4 1, 0, 1;
    %load/vec4 v0000021e3987a910_0;
    %parti/s 10, 3, 3;
    %pad/u 12;
    %ix/vec4 3;
    %ix/load 4, 0, 0; Constant delay
    %assign/vec4/a/d v0000021e3987a730, 0, 4;
    %jmp T_2.93;
T_2.92 ;
    %load/vec4 v0000021e3987a910_0;
    %parti/s 10, 3, 3;
    %pad/u 12;
    %ix/vec4 4;
    %load/vec4a v0000021e3987bd10, 4;
    %cmpi/e 3, 0, 2;
    %jmp/0xz  T_2.94, 4;
    %load/vec4 v0000021e3987a910_0;
    %parti/s 10, 3, 3;
    %pad/u 12;
    %ix/vec4 4;
    %load/vec4a v0000021e3987a410, 4;
    %pad/u 32;
    %cmpi/e 1, 0, 32;
    %jmp/0xz  T_2.96, 4;
    %load/vec4 v0000021e3987a910_0;
    %parti/s 10, 3, 3;
    %pad/u 12;
    %ix/vec4 4;
    %load/vec4a v0000021e3987aa50, 4;
    %load/vec4 v0000021e3987a910_0;
    %parti/s 10, 3, 3;
    %concat/vec4; draw_concat_vec4
    %pad/u 32;
    %assign/vec4 v0000021e3987b310_0, 0;
    %pushi/vec4 1, 0, 1;
    %assign/vec4 v0000021e3987bf90_0, 0;
    %load/vec4 v0000021e3987a910_0;
    %parti/s 10, 3, 3;
    %pad/u 12;
    %ix/vec4 4;
    %load/vec4a v0000021e3987b090, 4;
    %assign/vec4 v0000021e3987b450_0, 0;
T_2.96 ;
    %load/vec4 v0000021e3987be50_0;
    %load/vec4 v0000021e3987a910_0;
    %parti/s 10, 3, 3;
    %pad/u 12;
    %ix/vec4 3;
    %ix/load 4, 0, 0; Constant delay
    %assign/vec4/a/d v0000021e3987b090, 0, 4;
    %load/vec4 v0000021e3987a910_0;
    %parti/s 19, 13, 5;
    %load/vec4 v0000021e3987a910_0;
    %parti/s 10, 3, 3;
    %pad/u 12;
    %ix/vec4 3;
    %ix/load 4, 0, 0; Constant delay
    %assign/vec4/a/d v0000021e3987aa50, 0, 4;
    %pushi/vec4 0, 0, 1;
    %load/vec4 v0000021e3987a910_0;
    %parti/s 10, 3, 3;
    %pad/u 12;
    %ix/vec4 3;
    %ix/load 4, 0, 0; Constant delay
    %assign/vec4/a/d v0000021e3987a410, 0, 4;
    %pushi/vec4 1, 0, 1;
    %load/vec4 v0000021e3987a910_0;
    %parti/s 10, 3, 3;
    %pad/u 12;
    %ix/vec4 3;
    %ix/load 4, 0, 0; Constant delay
    %assign/vec4/a/d v0000021e3987b4f0, 0, 4;
    %jmp T_2.95;
T_2.94 ;
    %load/vec4 v0000021e3987a910_0;
    %parti/s 10, 3, 3;
    %pad/u 12;
    %ix/vec4 4;
    %load/vec4a v0000021e3987acd0, 4;
    %cmpi/e 3, 0, 2;
    %jmp/0xz  T_2.98, 4;
    %load/vec4 v0000021e3987a910_0;
    %parti/s 10, 3, 3;
    %pad/u 12;
    %ix/vec4 4;
    %load/vec4a v0000021e3987b130, 4;
    %pad/u 32;
    %cmpi/e 1, 0, 32;
    %jmp/0xz  T_2.100, 4;
    %load/vec4 v0000021e3987a910_0;
    %parti/s 10, 3, 3;
    %pad/u 12;
    %ix/vec4 4;
    %load/vec4a v0000021e3987a690, 4;
    %load/vec4 v0000021e3987a910_0;
    %parti/s 10, 3, 3;
    %concat/vec4; draw_concat_vec4
    %pad/u 32;
    %assign/vec4 v0000021e3987b310_0, 0;
    %pushi/vec4 1, 0, 1;
    %assign/vec4 v0000021e3987bf90_0, 0;
    %load/vec4 v0000021e3987a910_0;
    %parti/s 10, 3, 3;
    %pad/u 12;
    %ix/vec4 4;
    %load/vec4a v0000021e3987af50, 4;
    %assign/vec4 v0000021e3987b450_0, 0;
T_2.100 ;
    %load/vec4 v0000021e3987be50_0;
    %load/vec4 v0000021e3987a910_0;
    %parti/s 10, 3, 3;
    %pad/u 12;
    %ix/vec4 3;
    %ix/load 4, 0, 0; Constant delay
    %assign/vec4/a/d v0000021e3987af50, 0, 4;
    %load/vec4 v0000021e3987a910_0;
    %parti/s 19, 13, 5;
    %load/vec4 v0000021e3987a910_0;
    %parti/s 10, 3, 3;
    %pad/u 12;
    %ix/vec4 3;
    %ix/load 4, 0, 0; Constant delay
    %assign/vec4/a/d v0000021e3987a690, 0, 4;
    %pushi/vec4 0, 0, 1;
    %load/vec4 v0000021e3987a910_0;
    %parti/s 10, 3, 3;
    %pad/u 12;
    %ix/vec4 3;
    %ix/load 4, 0, 0; Constant delay
    %assign/vec4/a/d v0000021e3987b130, 0, 4;
    %pushi/vec4 1, 0, 1;
    %load/vec4 v0000021e3987a910_0;
    %parti/s 10, 3, 3;
    %pad/u 12;
    %ix/vec4 3;
    %ix/load 4, 0, 0; Constant delay
    %assign/vec4/a/d v0000021e3987b590, 0, 4;
    %jmp T_2.99;
T_2.98 ;
    %load/vec4 v0000021e3987a910_0;
    %parti/s 10, 3, 3;
    %pad/u 12;
    %ix/vec4 4;
    %load/vec4a v0000021e3987a370, 4;
    %cmpi/e 3, 0, 2;
    %jmp/0xz  T_2.102, 4;
    %load/vec4 v0000021e3987a910_0;
    %parti/s 10, 3, 3;
    %pad/u 12;
    %ix/vec4 4;
    %load/vec4a v0000021e3987b270, 4;
    %pad/u 32;
    %cmpi/e 1, 0, 32;
    %jmp/0xz  T_2.104, 4;
    %load/vec4 v0000021e3987a910_0;
    %parti/s 10, 3, 3;
    %pad/u 12;
    %ix/vec4 4;
    %load/vec4a v0000021e3987ba90, 4;
    %load/vec4 v0000021e3987a910_0;
    %parti/s 10, 3, 3;
    %concat/vec4; draw_concat_vec4
    %pad/u 32;
    %assign/vec4 v0000021e3987b310_0, 0;
    %pushi/vec4 1, 0, 1;
    %assign/vec4 v0000021e3987bf90_0, 0;
    %load/vec4 v0000021e3987a910_0;
    %parti/s 10, 3, 3;
    %pad/u 12;
    %ix/vec4 4;
    %load/vec4a v0000021e3987b810, 4;
    %assign/vec4 v0000021e3987b450_0, 0;
T_2.104 ;
    %load/vec4 v0000021e3987be50_0;
    %load/vec4 v0000021e3987a910_0;
    %parti/s 10, 3, 3;
    %pad/u 12;
    %ix/vec4 3;
    %ix/load 4, 0, 0; Constant delay
    %assign/vec4/a/d v0000021e3987b810, 0, 4;
    %load/vec4 v0000021e3987a910_0;
    %parti/s 19, 13, 5;
    %load/vec4 v0000021e3987a910_0;
    %parti/s 10, 3, 3;
    %pad/u 12;
    %ix/vec4 3;
    %ix/load 4, 0, 0; Constant delay
    %assign/vec4/a/d v0000021e3987ba90, 0, 4;
    %pushi/vec4 0, 0, 1;
    %load/vec4 v0000021e3987a910_0;
    %parti/s 10, 3, 3;
    %pad/u 12;
    %ix/vec4 3;
    %ix/load 4, 0, 0; Constant delay
    %assign/vec4/a/d v0000021e3987b270, 0, 4;
    %pushi/vec4 1, 0, 1;
    %load/vec4 v0000021e3987a910_0;
    %parti/s 10, 3, 3;
    %pad/u 12;
    %ix/vec4 3;
    %ix/load 4, 0, 0; Constant delay
    %assign/vec4/a/d v0000021e3987bbd0, 0, 4;
    %jmp T_2.103;
T_2.102 ;
    %load/vec4 v0000021e3987a910_0;
    %parti/s 10, 3, 3;
    %pad/u 12;
    %ix/vec4 4;
    %load/vec4a v0000021e3987a7d0, 4;
    %cmpi/e 3, 0, 2;
    %jmp/0xz  T_2.106, 4;
    %load/vec4 v0000021e3987a910_0;
    %parti/s 10, 3, 3;
    %pad/u 12;
    %ix/vec4 4;
    %load/vec4a v0000021e3987a230, 4;
    %pad/u 32;
    %cmpi/e 1, 0, 32;
    %jmp/0xz  T_2.108, 4;
    %load/vec4 v0000021e3987a910_0;
    %parti/s 10, 3, 3;
    %pad/u 12;
    %ix/vec4 4;
    %load/vec4a v0000021e3987b770, 4;
    %load/vec4 v0000021e3987a910_0;
    %parti/s 10, 3, 3;
    %concat/vec4; draw_concat_vec4
    %pad/u 32;
    %assign/vec4 v0000021e3987b310_0, 0;
    %pushi/vec4 1, 0, 1;
    %assign/vec4 v0000021e3987bf90_0, 0;
    %load/vec4 v0000021e3987a910_0;
    %parti/s 10, 3, 3;
    %pad/u 12;
    %ix/vec4 4;
    %load/vec4a v0000021e3987bdb0, 4;
    %assign/vec4 v0000021e3987b450_0, 0;
T_2.108 ;
    %load/vec4 v0000021e3987be50_0;
    %load/vec4 v0000021e3987a910_0;
    %parti/s 10, 3, 3;
    %pad/u 12;
    %ix/vec4 3;
    %ix/load 4, 0, 0; Constant delay
    %assign/vec4/a/d v0000021e3987bdb0, 0, 4;
    %load/vec4 v0000021e3987a910_0;
    %parti/s 19, 13, 5;
    %load/vec4 v0000021e3987a910_0;
    %parti/s 10, 3, 3;
    %pad/u 12;
    %ix/vec4 3;
    %ix/load 4, 0, 0; Constant delay
    %assign/vec4/a/d v0000021e3987b770, 0, 4;
    %pushi/vec4 0, 0, 1;
    %load/vec4 v0000021e3987a910_0;
    %parti/s 10, 3, 3;
    %pad/u 12;
    %ix/vec4 3;
    %ix/load 4, 0, 0; Constant delay
    %assign/vec4/a/d v0000021e3987a230, 0, 4;
    %pushi/vec4 1, 0, 1;
    %load/vec4 v0000021e3987a910_0;
    %parti/s 10, 3, 3;
    %pad/u 12;
    %ix/vec4 3;
    %ix/load 4, 0, 0; Constant delay
    %assign/vec4/a/d v0000021e3987a730, 0, 4;
T_2.106 ;
T_2.103 ;
T_2.99 ;
T_2.95 ;
T_2.93 ;
T_2.91 ;
T_2.89 ;
T_2.87 ;
    %pushi/vec4 0, 0, 1;
    %assign/vec4 v0000021e3987a5f0_0, 0;
    %jmp T_2.3;
T_2.3 ;
    %pop/vec4 1;
    %jmp T_2;
    .thread T_2;
# The file index is used to find the file name in the following table.
:file_names 4;
    "N/A";
    "<interactive>";
    "-";
    "cache.v";
