#! /c/Source/iverilog-install/bin/vvp
:ivl_version "12.0 (devel)" "(s20150603-1539-g2693dd32b)";
:ivl_delay_selection "TYPICAL";
:vpi_time_precision - 12;
:vpi_module "D:\Apps\iverilog\lib\ivl\system.vpi";
:vpi_module "D:\Apps\iverilog\lib\ivl\vhdl_sys.vpi";
:vpi_module "D:\Apps\iverilog\lib\ivl\vhdl_textio.vpi";
:vpi_module "D:\Apps\iverilog\lib\ivl\v2005_math.vpi";
:vpi_module "D:\Apps\iverilog\lib\ivl\va_math.vpi";
:vpi_module "D:\Apps\iverilog\lib\ivl\v2009.vpi";
S_00000148f68b6520 .scope package, "$unit" "$unit" 2 1;
 .timescale 0 0;
S_00000148f68b66b0 .scope module, "d_cache_test" "d_cache_test" 3 7;
 .timescale -9 -12;
v00000148f69d0ce0_0 .var "clk", 0 0;
v00000148f691b730_0 .var "d_cache_addr", 31 0;
v00000148f691bc30_0 .var "d_cache_din", 31 0;
v00000148f691b410_0 .net "d_cache_hit_miss", 0 0, L_00000148f68d00d0;  1 drivers
v00000148f691b4b0_0 .net "d_cache_q", 31 0, L_00000148f68cfb20;  1 drivers
v00000148f691a0b0_0 .var "d_cache_rden", 0 0;
v00000148f691a650_0 .var "d_cache_wren", 0 0;
v00000148f691a1f0_0 .net "data_in", 63 0, L_00000148f68cfab0;  1 drivers
v00000148f691b690_0 .net "data_out", 63 0, v00000148f69d06a0_0;  1 drivers
v00000148f691ab50_0 .net "rd_addr", 31 0, L_00000148f691a5b0;  1 drivers
v00000148f691b370_0 .net "rd_en", 0 0, L_00000148f691b0f0;  1 drivers
v00000148f691b050_0 .net "wr_addr", 31 0, v00000148f69d1aa0_0;  1 drivers
v00000148f691beb0_0 .net "wr_en", 0 0, L_00000148f68cfe30;  1 drivers
L_00000148f691b190 .part L_00000148f691a5b0, 0, 7;
L_00000148f691cde0 .part v00000148f69d1aa0_0, 0, 7;
S_00000148f6986620 .scope module, "DUT_CACHE" "data_cache" 3 24, 4 8 0, S_00000148f68b66b0;
 .timescale -9 -12;
    .port_info 0 /INPUT 1 "clock";
    .port_info 1 /INPUT 32 "address";
    .port_info 2 /INPUT 32 "cpu_data";
    .port_info 3 /INPUT 1 "read_en";
    .port_info 4 /INPUT 1 "write_en";
    .port_info 5 /OUTPUT 1 "hit_miss";
    .port_info 6 /OUTPUT 32 "data_ca2cpu";
    .port_info 7 /OUTPUT 64 "data_ca2mem";
    .port_info 8 /OUTPUT 32 "addr2read_mem";
    .port_info 9 /OUTPUT 1 "mem_rden";
    .port_info 10 /OUTPUT 32 "addr2write_mem";
    .port_info 11 /OUTPUT 1 "mem_wren";
    .port_info 12 /INPUT 64 "mem_data";
P_00000148f69867b0 .param/l "BLOCK_SIZE" 0 4 14, +C4<00000000000000000000000001000000>;
P_00000148f69867e8 .param/l "IDLE" 0 4 116, C4<0>;
P_00000148f6986820 .param/l "MEM_WIDTH" 0 4 16, +C4<00000000000000000000000001000000>;
P_00000148f6986858 .param/l "MISS" 0 4 117, C4<1>;
P_00000148f6986890 .param/l "NUM_SETS" 0 4 13, +C4<00000000000000000000010000000000>;
P_00000148f69868c8 .param/l "NUM_WAYS" 0 4 12, +C4<00000000000000000000000000000100>;
P_00000148f6986900 .param/l "OFFSET_WIDTH" 0 4 21, +C4<00000000000000000000000000000011>;
P_00000148f6986938 .param/l "SET_WIDTH" 0 4 19, +C4<00000000000000000000000000001010>;
P_00000148f6986970 .param/l "SIZE" 0 4 11, +C4<000000000000000000000000000000000000000000000000000000000000000000000000000001000000000000000000>;
P_00000148f69869a8 .param/l "TAG_WIDTH" 0 4 20, +C4<00000000000000000000000000010011>;
P_00000148f69869e0 .param/l "WIDTH" 0 4 15, +C4<00000000000000000000000000100000>;
P_00000148f6986a18 .param/l "WORD1" 0 4 24, +C4<00000000000000000000000000000011>;
P_00000148f6986a50 .param/l "WORD2" 0 4 25, +C4<00000000000000000000000000000111>;
L_00000148f68d00d0 .functor BUFZ 1, v00000148f69d11e0_0, C4<0>, C4<0>, C4<0>;
L_00000148f68d0450 .functor AND 1, L_00000148f691abf0, L_00000148f691a790, C4<1>, C4<1>;
L_00000148f68cf730 .functor AND 1, L_00000148f691a830, L_00000148f691a970, C4<1>, C4<1>;
L_00000148f68cf7a0 .functor OR 1, L_00000148f68d0450, L_00000148f68cf730, C4<0>, C4<0>;
L_00000148f68cf810 .functor AND 1, L_00000148f691add0, L_00000148f691bcd0, C4<1>, C4<1>;
L_00000148f68cf8f0 .functor OR 1, L_00000148f68cf7a0, L_00000148f68cf810, C4<0>, C4<0>;
L_00000148f68cf960 .functor AND 1, L_00000148f691bd70, L_00000148f691aab0, C4<1>, C4<1>;
L_00000148f68cf9d0 .functor OR 1, L_00000148f68cf8f0, L_00000148f68cf960, C4<0>, C4<0>;
L_00000148f68cfe30 .functor BUFZ 1, v00000148f69d1280_0, C4<0>, C4<0>, C4<0>;
L_00000148f68cfab0 .functor BUFZ 64, v00000148f69d1a00_0, C4<0000000000000000000000000000000000000000000000000000000000000000>, C4<0000000000000000000000000000000000000000000000000000000000000000>, C4<0000000000000000000000000000000000000000000000000000000000000000>;
L_00000148f68cfb20 .functor BUFZ 32, v00000148f69d1780_0, C4<00000000000000000000000000000000>, C4<00000000000000000000000000000000>, C4<00000000000000000000000000000000>;
v00000148f68f49d0_0 .net *"_ivl_10", 18 0, L_00000148f691b550;  1 drivers
v00000148f68f3170_0 .net *"_ivl_105", 18 0, L_00000148f691ad30;  1 drivers
v00000148f68f4110_0 .net *"_ivl_107", 9 0, L_00000148f691a470;  1 drivers
v00000148f68f2d10_0 .net *"_ivl_108", 28 0, L_00000148f691a510;  1 drivers
L_00000148f69d2308 .functor BUFT 1, C4<000>, C4<0>, C4<0>, C4<0>;
v00000148f68f3490_0 .net *"_ivl_113", 2 0, L_00000148f69d2308;  1 drivers
v00000148f68f42f0_0 .net *"_ivl_13", 9 0, L_00000148f691ae70;  1 drivers
v00000148f68f3210_0 .net *"_ivl_14", 11 0, L_00000148f691b5f0;  1 drivers
L_00000148f69d2110 .functor BUFT 1, C4<00>, C4<0>, C4<0>, C4<0>;
v00000148f68f3530_0 .net *"_ivl_17", 1 0, L_00000148f69d2110;  1 drivers
v00000148f68f3d50_0 .net *"_ivl_19", 18 0, L_00000148f691b7d0;  1 drivers
v00000148f68f3c10_0 .net *"_ivl_2", 0 0, L_00000148f691abf0;  1 drivers
v00000148f68f4250_0 .net *"_ivl_20", 0 0, L_00000148f691a790;  1 drivers
v00000148f68f3a30_0 .net *"_ivl_23", 0 0, L_00000148f68d0450;  1 drivers
v00000148f68f4930_0 .net *"_ivl_24", 0 0, L_00000148f691a830;  1 drivers
v00000148f68f4570_0 .net *"_ivl_27", 9 0, L_00000148f691b2d0;  1 drivers
v00000148f68f4a70_0 .net *"_ivl_28", 11 0, L_00000148f691aa10;  1 drivers
L_00000148f69d2158 .functor BUFT 1, C4<00>, C4<0>, C4<0>, C4<0>;
v00000148f68f3df0_0 .net *"_ivl_31", 1 0, L_00000148f69d2158;  1 drivers
v00000148f68f41b0_0 .net *"_ivl_32", 18 0, L_00000148f691b870;  1 drivers
v00000148f68f4070_0 .net *"_ivl_35", 9 0, L_00000148f691ac90;  1 drivers
v00000148f68f3ad0_0 .net *"_ivl_36", 11 0, L_00000148f691a8d0;  1 drivers
L_00000148f69d21a0 .functor BUFT 1, C4<00>, C4<0>, C4<0>, C4<0>;
v00000148f68f3b70_0 .net *"_ivl_39", 1 0, L_00000148f69d21a0;  1 drivers
v00000148f68f4390_0 .net *"_ivl_41", 18 0, L_00000148f691a6f0;  1 drivers
v00000148f68f3e90_0 .net *"_ivl_42", 0 0, L_00000148f691a970;  1 drivers
v00000148f68f4b10_0 .net *"_ivl_45", 0 0, L_00000148f68cf730;  1 drivers
v00000148f68f4430_0 .net *"_ivl_47", 0 0, L_00000148f68cf7a0;  1 drivers
v00000148f68f3030_0 .net *"_ivl_48", 0 0, L_00000148f691add0;  1 drivers
v00000148f68f38f0_0 .net *"_ivl_5", 9 0, L_00000148f691b910;  1 drivers
v00000148f68f4610_0 .net *"_ivl_51", 9 0, L_00000148f691b9b0;  1 drivers
v00000148f68f3350_0 .net *"_ivl_52", 11 0, L_00000148f691b230;  1 drivers
L_00000148f69d21e8 .functor BUFT 1, C4<00>, C4<0>, C4<0>, C4<0>;
v00000148f68f33f0_0 .net *"_ivl_55", 1 0, L_00000148f69d21e8;  1 drivers
v00000148f68f37b0_0 .net *"_ivl_56", 18 0, L_00000148f691ba50;  1 drivers
v00000148f68f44d0_0 .net *"_ivl_59", 9 0, L_00000148f691a330;  1 drivers
v00000148f68f2c70_0 .net *"_ivl_6", 11 0, L_00000148f691baf0;  1 drivers
v00000148f68f3f30_0 .net *"_ivl_60", 11 0, L_00000148f691af10;  1 drivers
L_00000148f69d2230 .functor BUFT 1, C4<00>, C4<0>, C4<0>, C4<0>;
v00000148f68f46b0_0 .net *"_ivl_63", 1 0, L_00000148f69d2230;  1 drivers
v00000148f68f47f0_0 .net *"_ivl_65", 18 0, L_00000148f691bb90;  1 drivers
v00000148f68f2f90_0 .net *"_ivl_66", 0 0, L_00000148f691bcd0;  1 drivers
v00000148f68f30d0_0 .net *"_ivl_69", 0 0, L_00000148f68cf810;  1 drivers
v00000148f68f2db0_0 .net *"_ivl_71", 0 0, L_00000148f68cf8f0;  1 drivers
v00000148f68f2e50_0 .net *"_ivl_72", 0 0, L_00000148f691bd70;  1 drivers
v00000148f68f2ef0_0 .net *"_ivl_75", 9 0, L_00000148f691be10;  1 drivers
v00000148f68f3850_0 .net *"_ivl_76", 11 0, L_00000148f691a3d0;  1 drivers
L_00000148f69d2278 .functor BUFT 1, C4<00>, C4<0>, C4<0>, C4<0>;
v00000148f68f3fd0_0 .net *"_ivl_79", 1 0, L_00000148f69d2278;  1 drivers
v00000148f68f35d0_0 .net *"_ivl_80", 18 0, L_00000148f691a010;  1 drivers
v00000148f68f4750_0 .net *"_ivl_83", 9 0, L_00000148f691a150;  1 drivers
v00000148f68f3670_0 .net *"_ivl_84", 11 0, L_00000148f691afb0;  1 drivers
L_00000148f69d22c0 .functor BUFT 1, C4<00>, C4<0>, C4<0>, C4<0>;
v00000148f68f3990_0 .net *"_ivl_87", 1 0, L_00000148f69d22c0;  1 drivers
v00000148f68f4890_0 .net *"_ivl_89", 18 0, L_00000148f691a290;  1 drivers
L_00000148f69d20c8 .functor BUFT 1, C4<00>, C4<0>, C4<0>, C4<0>;
v00000148f68f32b0_0 .net *"_ivl_9", 1 0, L_00000148f69d20c8;  1 drivers
v00000148f685fe30_0 .net *"_ivl_90", 0 0, L_00000148f691aab0;  1 drivers
v00000148f685fed0_0 .net *"_ivl_93", 0 0, L_00000148f68cf960;  1 drivers
v00000148f69d0e20_0 .net *"_ivl_95", 0 0, L_00000148f68cf9d0;  1 drivers
v00000148f69d1820_0 .net "addr2read_mem", 31 0, L_00000148f691a5b0;  alias, 1 drivers
v00000148f69d0420_0 .net "addr2write_mem", 31 0, v00000148f69d1aa0_0;  alias, 1 drivers
v00000148f69d0d80_0 .net "address", 31 0, v00000148f691b730_0;  1 drivers
v00000148f69d01a0_0 .net "clock", 0 0, v00000148f69d0ce0_0;  1 drivers
v00000148f69d1960_0 .net "cpu_data", 31 0, v00000148f691bc30_0;  1 drivers
v00000148f69d18c0 .array "data1", 1023 0, 63 0;
v00000148f69d0f60 .array "data2", 1023 0, 63 0;
v00000148f69d1320 .array "data3", 1023 0, 63 0;
v00000148f69d04c0 .array "data4", 1023 0, 63 0;
v00000148f69d15a0_0 .net "data_ca2cpu", 31 0, L_00000148f68cfb20;  alias, 1 drivers
v00000148f69d0ba0_0 .net "data_ca2mem", 63 0, L_00000148f68cfab0;  alias, 1 drivers
v00000148f69d1f00 .array "dirty1", 1023 0, 0 0;
v00000148f69d1640 .array "dirty2", 1023 0, 0 0;
v00000148f69d0ec0 .array "dirty3", 1023 0, 0 0;
v00000148f69d1460 .array "dirty4", 1023 0, 0 0;
v00000148f69d16e0_0 .net "hit_miss", 0 0, L_00000148f68d00d0;  alias, 1 drivers
v00000148f69d0560_0 .var/i "k", 31 0;
v00000148f69d1000 .array "lru1", 1023 0, 1 0;
v00000148f69d0100 .array "lru2", 1023 0, 1 0;
v00000148f69d02e0 .array "lru3", 1023 0, 1 0;
v00000148f69d09c0 .array "lru4", 1023 0, 1 0;
v00000148f69d1c80_0 .net "mem_data", 63 0, v00000148f69d06a0_0;  alias, 1 drivers
v00000148f69d10a0_0 .net "mem_rden", 0 0, L_00000148f691b0f0;  alias, 1 drivers
v00000148f69d13c0_0 .net "mem_wren", 0 0, L_00000148f68cfe30;  alias, 1 drivers
v00000148f69d1140_0 .net "read_en", 0 0, v00000148f691a0b0_0;  1 drivers
v00000148f69d1aa0_0 .var "rg_addr2write_mem", 31 0;
v00000148f69d1780_0 .var "rg_data_ca2cpu", 31 0;
v00000148f69d1a00_0 .var "rg_data_ca2mem", 63 0;
v00000148f69d11e0_0 .var "rg_hit_miss", 0 0;
v00000148f69d1280_0 .var "rg_mem_wren", 0 0;
v00000148f69d0240_0 .var "state", 0 0;
v00000148f69d1500 .array "tag1", 1023 0, 18 0;
v00000148f69d1b40 .array "tag2", 1023 0, 18 0;
v00000148f69d0880 .array "tag3", 1023 0, 18 0;
v00000148f69d1be0 .array "tag4", 1023 0, 18 0;
v00000148f69d1fa0 .array "valid1", 1023 0, 0 0;
v00000148f69d1d20 .array "valid2", 1023 0, 0 0;
v00000148f69d1dc0 .array "valid3", 1023 0, 0 0;
v00000148f69d0920 .array "valid4", 1023 0, 0 0;
v00000148f69d1e60_0 .net "write_en", 0 0, v00000148f691a650_0;  1 drivers
E_00000148f68db260 .event posedge, v00000148f69d01a0_0;
L_00000148f691abf0 .array/port v00000148f69d1fa0, L_00000148f691baf0;
L_00000148f691b910 .part v00000148f691b730_0, 3, 10;
L_00000148f691baf0 .concat [ 10 2 0 0], L_00000148f691b910, L_00000148f69d20c8;
L_00000148f691b550 .array/port v00000148f69d1500, L_00000148f691b5f0;
L_00000148f691ae70 .part v00000148f691b730_0, 3, 10;
L_00000148f691b5f0 .concat [ 10 2 0 0], L_00000148f691ae70, L_00000148f69d2110;
L_00000148f691b7d0 .part v00000148f691b730_0, 13, 19;
L_00000148f691a790 .cmp/eq 19, L_00000148f691b550, L_00000148f691b7d0;
L_00000148f691a830 .array/port v00000148f69d1d20, L_00000148f691aa10;
L_00000148f691b2d0 .part v00000148f691b730_0, 3, 10;
L_00000148f691aa10 .concat [ 10 2 0 0], L_00000148f691b2d0, L_00000148f69d2158;
L_00000148f691b870 .array/port v00000148f69d1b40, L_00000148f691a8d0;
L_00000148f691ac90 .part v00000148f691b730_0, 3, 10;
L_00000148f691a8d0 .concat [ 10 2 0 0], L_00000148f691ac90, L_00000148f69d21a0;
L_00000148f691a6f0 .part v00000148f691b730_0, 13, 19;
L_00000148f691a970 .cmp/eq 19, L_00000148f691b870, L_00000148f691a6f0;
L_00000148f691add0 .array/port v00000148f69d1dc0, L_00000148f691b230;
L_00000148f691b9b0 .part v00000148f691b730_0, 3, 10;
L_00000148f691b230 .concat [ 10 2 0 0], L_00000148f691b9b0, L_00000148f69d21e8;
L_00000148f691ba50 .array/port v00000148f69d0880, L_00000148f691af10;
L_00000148f691a330 .part v00000148f691b730_0, 3, 10;
L_00000148f691af10 .concat [ 10 2 0 0], L_00000148f691a330, L_00000148f69d2230;
L_00000148f691bb90 .part v00000148f691b730_0, 13, 19;
L_00000148f691bcd0 .cmp/eq 19, L_00000148f691ba50, L_00000148f691bb90;
L_00000148f691bd70 .array/port v00000148f69d0920, L_00000148f691a3d0;
L_00000148f691be10 .part v00000148f691b730_0, 3, 10;
L_00000148f691a3d0 .concat [ 10 2 0 0], L_00000148f691be10, L_00000148f69d2278;
L_00000148f691a010 .array/port v00000148f69d1be0, L_00000148f691afb0;
L_00000148f691a150 .part v00000148f691b730_0, 3, 10;
L_00000148f691afb0 .concat [ 10 2 0 0], L_00000148f691a150, L_00000148f69d22c0;
L_00000148f691a290 .part v00000148f691b730_0, 13, 19;
L_00000148f691aab0 .cmp/eq 19, L_00000148f691a010, L_00000148f691a290;
L_00000148f691b0f0 .reduce/nor L_00000148f68cf9d0;
L_00000148f691ad30 .part v00000148f691b730_0, 13, 19;
L_00000148f691a470 .part v00000148f691b730_0, 3, 10;
L_00000148f691a510 .concat [ 10 19 0 0], L_00000148f691a470, L_00000148f691ad30;
L_00000148f691a5b0 .concat [ 29 3 0 0], L_00000148f691a510, L_00000148f69d2308;
S_00000148f68f9c50 .scope module, "DUT_MEM" "mem" 3 47, 5 10 0, S_00000148f68b66b0;
 .timescale -9 -12;
    .port_info 0 /INPUT 1 "clock";
    .port_info 1 /INPUT 64 "data";
    .port_info 2 /INPUT 7 "rdaddress";
    .port_info 3 /INPUT 1 "rden";
    .port_info 4 /INPUT 7 "wraddress";
    .port_info 5 /INPUT 1 "wren";
    .port_info 6 /OUTPUT 64 "q";
P_00000148f698a990 .param/l "DEPTH" 0 5 13, +C4<00000000000000000000000010000000>;
P_00000148f698a9c8 .param/str "FILE" 0 5 14, "d_mem_data.txt";
P_00000148f698aa00 .param/l "INIT" 0 5 15, +C4<00000000000000000000000000000000>;
P_00000148f698aa38 .param/l "WIDTH" 0 5 12, +C4<00000000000000000000000001000000>;
v00000148f69d0a60_0 .net "clock", 0 0, v00000148f69d0ce0_0;  alias, 1 drivers
v00000148f69d0380_0 .net "data", 63 0, L_00000148f68cfab0;  alias, 1 drivers
v00000148f69d0600 .array "mem", 127 0, 63 0;
v00000148f69d06a0_0 .var "q", 63 0;
v00000148f69d0740_0 .net "rdaddress", 6 0, L_00000148f691b190;  1 drivers
v00000148f69d07e0_0 .net "rden", 0 0, L_00000148f691b0f0;  alias, 1 drivers
v00000148f69d0b00_0 .net "wraddress", 6 0, L_00000148f691cde0;  1 drivers
v00000148f69d0c40_0 .net "wren", 0 0, L_00000148f68cfe30;  alias, 1 drivers
    .scope S_00000148f6986620;
T_0 ;
    %pushi/vec4 0, 0, 1;
    %store/vec4 v00000148f69d11e0_0, 0, 1;
    %pushi/vec4 0, 0, 32;
    %store/vec4 v00000148f69d1780_0, 0, 32;
    %pushi/vec4 0, 0, 64;
    %store/vec4 v00000148f69d1a00_0, 0, 64;
    %pushi/vec4 0, 0, 32;
    %store/vec4 v00000148f69d1aa0_0, 0, 32;
    %pushi/vec4 0, 0, 1;
    %store/vec4 v00000148f69d1280_0, 0, 1;
    %pushi/vec4 0, 0, 1;
    %store/vec4 v00000148f69d0240_0, 0, 1;
    %end;
    .thread T_0, $init;
    .scope S_00000148f6986620;
T_1 ;
    %pushi/vec4 0, 0, 32;
    %store/vec4 v00000148f69d0560_0, 0, 32;
T_1.0 ;
    %load/vec4 v00000148f69d0560_0;
    %cmpi/s 1024, 0, 32;
    %jmp/0xz T_1.1, 5;
    %pushi/vec4 0, 0, 1;
    %ix/getv/s 4, v00000148f69d0560_0;
    %store/vec4a v00000148f69d1fa0, 4, 0;
    %pushi/vec4 0, 0, 1;
    %ix/getv/s 4, v00000148f69d0560_0;
    %store/vec4a v00000148f69d1d20, 4, 0;
    %pushi/vec4 0, 0, 1;
    %ix/getv/s 4, v00000148f69d0560_0;
    %store/vec4a v00000148f69d1dc0, 4, 0;
    %pushi/vec4 0, 0, 1;
    %ix/getv/s 4, v00000148f69d0560_0;
    %store/vec4a v00000148f69d0920, 4, 0;
    %pushi/vec4 0, 0, 1;
    %ix/getv/s 4, v00000148f69d0560_0;
    %store/vec4a v00000148f69d1f00, 4, 0;
    %pushi/vec4 0, 0, 1;
    %ix/getv/s 4, v00000148f69d0560_0;
    %store/vec4a v00000148f69d1640, 4, 0;
    %pushi/vec4 0, 0, 1;
    %ix/getv/s 4, v00000148f69d0560_0;
    %store/vec4a v00000148f69d0ec0, 4, 0;
    %pushi/vec4 0, 0, 1;
    %ix/getv/s 4, v00000148f69d0560_0;
    %store/vec4a v00000148f69d1460, 4, 0;
    %pushi/vec4 0, 0, 2;
    %ix/getv/s 4, v00000148f69d0560_0;
    %store/vec4a v00000148f69d1000, 4, 0;
    %pushi/vec4 0, 0, 2;
    %ix/getv/s 4, v00000148f69d0560_0;
    %store/vec4a v00000148f69d0100, 4, 0;
    %pushi/vec4 0, 0, 2;
    %ix/getv/s 4, v00000148f69d0560_0;
    %store/vec4a v00000148f69d02e0, 4, 0;
    %pushi/vec4 0, 0, 2;
    %ix/getv/s 4, v00000148f69d0560_0;
    %store/vec4a v00000148f69d09c0, 4, 0;
    %load/vec4 v00000148f69d0560_0;
    %addi 1, 0, 32;
    %store/vec4 v00000148f69d0560_0, 0, 32;
    %jmp T_1.0;
T_1.1 ;
    %end;
    .thread T_1;
    .scope S_00000148f6986620;
T_2 ;
    %wait E_00000148f68db260;
    %load/vec4 v00000148f69d0240_0;
    %dup/vec4;
    %pushi/vec4 0, 0, 1;
    %cmp/u;
    %jmp/1 T_2.0, 6;
    %dup/vec4;
    %pushi/vec4 1, 0, 1;
    %cmp/u;
    %jmp/1 T_2.1, 6;
    %pushi/vec4 0, 0, 1;
    %assign/vec4 v00000148f69d0240_0, 0;
    %jmp T_2.3;
T_2.0 ;
    %pushi/vec4 0, 0, 1;
    %assign/vec4 v00000148f69d1280_0, 0;
    %load/vec4 v00000148f69d0d80_0;
    %parti/s 10, 3, 3;
    %pad/u 12;
    %ix/vec4 4;
    %load/vec4a v00000148f69d1fa0, 4;
    %flag_set/vec4 9;
    %flag_get/vec4 9;
    %jmp/0 T_2.7, 9;
    %load/vec4 v00000148f69d0d80_0;
    %parti/s 10, 3, 3;
    %pad/u 12;
    %ix/vec4 4;
    %load/vec4a v00000148f69d1500, 4;
    %load/vec4 v00000148f69d0d80_0;
    %parti/s 19, 13, 5;
    %cmp/e;
    %flag_get/vec4 4;
    %and;
T_2.7;
    %flag_set/vec4 8;
    %jmp/1 T_2.6, 8;
    %load/vec4 v00000148f69d0d80_0;
    %parti/s 10, 3, 3;
    %pad/u 12;
    %ix/vec4 4;
    %load/vec4a v00000148f69d1d20, 4;
    %flag_set/vec4 10;
    %flag_get/vec4 10;
    %jmp/0 T_2.8, 10;
    %load/vec4 v00000148f69d0d80_0;
    %parti/s 10, 3, 3;
    %pad/u 12;
    %ix/vec4 4;
    %load/vec4a v00000148f69d1b40, 4;
    %load/vec4 v00000148f69d0d80_0;
    %parti/s 19, 13, 5;
    %cmp/e;
    %flag_get/vec4 4;
    %and;
T_2.8;
    %flag_set/vec4 9;
    %flag_or 8, 9;
T_2.6;
    %jmp/1 T_2.5, 8;
    %load/vec4 v00000148f69d0d80_0;
    %parti/s 10, 3, 3;
    %pad/u 12;
    %ix/vec4 4;
    %load/vec4a v00000148f69d1dc0, 4;
    %flag_set/vec4 10;
    %flag_get/vec4 10;
    %jmp/0 T_2.9, 10;
    %load/vec4 v00000148f69d0d80_0;
    %parti/s 10, 3, 3;
    %pad/u 12;
    %ix/vec4 4;
    %load/vec4a v00000148f69d0880, 4;
    %load/vec4 v00000148f69d0d80_0;
    %parti/s 19, 13, 5;
    %cmp/e;
    %flag_get/vec4 4;
    %and;
T_2.9;
    %flag_set/vec4 9;
    %flag_or 8, 9;
T_2.5;
    %flag_get/vec4 8;
    %jmp/1 T_2.4, 8;
    %load/vec4 v00000148f69d0d80_0;
    %parti/s 10, 3, 3;
    %pad/u 12;
    %ix/vec4 4;
    %load/vec4a v00000148f69d0920, 4;
    %flag_set/vec4 8;
    %flag_get/vec4 8;
    %jmp/0 T_2.10, 8;
    %load/vec4 v00000148f69d0d80_0;
    %parti/s 10, 3, 3;
    %pad/u 12;
    %ix/vec4 4;
    %load/vec4a v00000148f69d1be0, 4;
    %load/vec4 v00000148f69d0d80_0;
    %parti/s 19, 13, 5;
    %cmp/e;
    %flag_get/vec4 4;
    %and;
T_2.10;
    %or;
T_2.4;
    %assign/vec4 v00000148f69d11e0_0, 0;
    %load/vec4 v00000148f69d1140_0;
    %inv;
    %flag_set/vec4 9;
    %flag_get/vec4 9;
    %jmp/0 T_2.13, 9;
    %load/vec4 v00000148f69d1e60_0;
    %inv;
    %and;
T_2.13;
    %flag_set/vec4 8;
    %jmp/0xz  T_2.11, 8;
    %pushi/vec4 0, 0, 1;
    %assign/vec4 v00000148f69d0240_0, 0;
    %jmp T_2.12;
T_2.11 ;
    %load/vec4 v00000148f69d0d80_0;
    %parti/s 10, 3, 3;
    %pad/u 12;
    %ix/vec4 4;
    %load/vec4a v00000148f69d1fa0, 4;
    %flag_set/vec4 9;
    %flag_get/vec4 9;
    %jmp/0 T_2.16, 9;
    %load/vec4 v00000148f69d0d80_0;
    %parti/s 10, 3, 3;
    %pad/u 12;
    %ix/vec4 4;
    %load/vec4a v00000148f69d1500, 4;
    %load/vec4 v00000148f69d0d80_0;
    %parti/s 19, 13, 5;
    %cmp/e;
    %flag_get/vec4 4;
    %and;
T_2.16;
    %flag_set/vec4 8;
    %jmp/0xz  T_2.14, 8;
    %load/vec4 v00000148f69d1140_0;
    %flag_set/vec4 8;
    %jmp/0xz  T_2.17, 8;
    %load/vec4 v00000148f69d0d80_0;
    %parti/s 3, 0, 2;
    %dup/vec4;
    %pushi/vec4 3, 0, 3;
    %cmp/u;
    %jmp/1 T_2.19, 6;
    %dup/vec4;
    %pushi/vec4 7, 0, 3;
    %cmp/u;
    %jmp/1 T_2.20, 6;
    %jmp T_2.21;
T_2.19 ;
    %load/vec4 v00000148f69d0d80_0;
    %parti/s 10, 3, 3;
    %pad/u 12;
    %ix/vec4 4;
    %load/vec4a v00000148f69d18c0, 4;
    %parti/s 32, 0, 2;
    %assign/vec4 v00000148f69d1780_0, 0;
    %jmp T_2.21;
T_2.20 ;
    %load/vec4 v00000148f69d0d80_0;
    %parti/s 10, 3, 3;
    %pad/u 12;
    %ix/vec4 4;
    %load/vec4a v00000148f69d18c0, 4;
    %parti/s 32, 32, 7;
    %assign/vec4 v00000148f69d1780_0, 0;
    %jmp T_2.21;
T_2.21 ;
    %pop/vec4 1;
    %jmp T_2.18;
T_2.17 ;
    %load/vec4 v00000148f69d1e60_0;
    %flag_set/vec4 8;
    %jmp/0xz  T_2.22, 8;
    %pushi/vec4 0, 0, 32;
    %store/vec4 v00000148f69d1780_0, 0, 32;
    %pushi/vec4 1, 0, 1;
    %load/vec4 v00000148f69d0d80_0;
    %parti/s 10, 3, 3;
    %pad/u 12;
    %ix/vec4 3;
    %ix/load 4, 0, 0; Constant delay
    %assign/vec4/a/d v00000148f69d1f00, 0, 4;
    %load/vec4 v00000148f69d0d80_0;
    %parti/s 3, 0, 2;
    %pad/u 32;
    %cmpi/u 3, 0, 32;
    %flag_or 5, 4;
    %jmp/0xz  T_2.24, 5;
    %load/vec4 v00000148f69d1960_0;
    %load/vec4 v00000148f69d0d80_0;
    %parti/s 10, 3, 3;
    %pad/u 12;
    %ix/vec4 3;
    %ix/load 4, 0, 0; Constant delay
    %assign/vec4/a/d v00000148f69d18c0, 0, 4;
    %jmp T_2.25;
T_2.24 ;
    %load/vec4 v00000148f69d1960_0;
    %load/vec4 v00000148f69d0d80_0;
    %parti/s 10, 3, 3;
    %pad/u 12;
    %ix/vec4 3;
    %ix/load 4, 32, 0; part off
    %ix/load 5, 0, 0; Constant delay
    %assign/vec4/a/d v00000148f69d18c0, 4, 5;
T_2.25 ;
T_2.22 ;
T_2.18 ;
    %load/vec4 v00000148f69d0d80_0;
    %parti/s 10, 3, 3;
    %pad/u 12;
    %ix/vec4 4;
    %load/vec4a v00000148f69d0100, 4;
    %load/vec4 v00000148f69d0d80_0;
    %parti/s 10, 3, 3;
    %pad/u 12;
    %ix/vec4 4;
    %load/vec4a v00000148f69d1000, 4;
    %cmp/u;
    %flag_or 5, 4;
    %jmp/0xz  T_2.26, 5;
    %load/vec4 v00000148f69d0d80_0;
    %parti/s 10, 3, 3;
    %pad/u 12;
    %ix/vec4 4;
    %load/vec4a v00000148f69d0100, 4;
    %addi 1, 0, 2;
    %load/vec4 v00000148f69d0d80_0;
    %parti/s 10, 3, 3;
    %pad/u 12;
    %ix/vec4 3;
    %ix/load 4, 0, 0; Constant delay
    %assign/vec4/a/d v00000148f69d0100, 0, 4;
T_2.26 ;
    %load/vec4 v00000148f69d0d80_0;
    %parti/s 10, 3, 3;
    %pad/u 12;
    %ix/vec4 4;
    %load/vec4a v00000148f69d02e0, 4;
    %load/vec4 v00000148f69d0d80_0;
    %parti/s 10, 3, 3;
    %pad/u 12;
    %ix/vec4 4;
    %load/vec4a v00000148f69d1000, 4;
    %cmp/u;
    %flag_or 5, 4;
    %jmp/0xz  T_2.28, 5;
    %load/vec4 v00000148f69d0d80_0;
    %parti/s 10, 3, 3;
    %pad/u 12;
    %ix/vec4 4;
    %load/vec4a v00000148f69d02e0, 4;
    %addi 1, 0, 2;
    %load/vec4 v00000148f69d0d80_0;
    %parti/s 10, 3, 3;
    %pad/u 12;
    %ix/vec4 3;
    %ix/load 4, 0, 0; Constant delay
    %assign/vec4/a/d v00000148f69d02e0, 0, 4;
T_2.28 ;
    %load/vec4 v00000148f69d0d80_0;
    %parti/s 10, 3, 3;
    %pad/u 12;
    %ix/vec4 4;
    %load/vec4a v00000148f69d09c0, 4;
    %load/vec4 v00000148f69d0d80_0;
    %parti/s 10, 3, 3;
    %pad/u 12;
    %ix/vec4 4;
    %load/vec4a v00000148f69d1000, 4;
    %cmp/u;
    %flag_or 5, 4;
    %jmp/0xz  T_2.30, 5;
    %load/vec4 v00000148f69d0d80_0;
    %parti/s 10, 3, 3;
    %pad/u 12;
    %ix/vec4 4;
    %load/vec4a v00000148f69d09c0, 4;
    %addi 1, 0, 2;
    %load/vec4 v00000148f69d0d80_0;
    %parti/s 10, 3, 3;
    %pad/u 12;
    %ix/vec4 3;
    %ix/load 4, 0, 0; Constant delay
    %assign/vec4/a/d v00000148f69d09c0, 0, 4;
T_2.30 ;
    %pushi/vec4 0, 0, 2;
    %load/vec4 v00000148f69d0d80_0;
    %parti/s 10, 3, 3;
    %pad/u 12;
    %ix/vec4 3;
    %ix/load 4, 0, 0; Constant delay
    %assign/vec4/a/d v00000148f69d1000, 0, 4;
    %jmp T_2.15;
T_2.14 ;
    %load/vec4 v00000148f69d0d80_0;
    %parti/s 10, 3, 3;
    %pad/u 12;
    %ix/vec4 4;
    %load/vec4a v00000148f69d1d20, 4;
    %flag_set/vec4 9;
    %flag_get/vec4 9;
    %jmp/0 T_2.34, 9;
    %load/vec4 v00000148f69d0d80_0;
    %parti/s 10, 3, 3;
    %pad/u 12;
    %ix/vec4 4;
    %load/vec4a v00000148f69d1b40, 4;
    %load/vec4 v00000148f69d0d80_0;
    %parti/s 19, 13, 5;
    %cmp/e;
    %flag_get/vec4 4;
    %and;
T_2.34;
    %flag_set/vec4 8;
    %jmp/0xz  T_2.32, 8;
    %load/vec4 v00000148f69d1140_0;
    %flag_set/vec4 8;
    %jmp/0xz  T_2.35, 8;
    %load/vec4 v00000148f69d0d80_0;
    %parti/s 3, 0, 2;
    %dup/vec4;
    %pushi/vec4 3, 0, 3;
    %cmp/u;
    %jmp/1 T_2.37, 6;
    %dup/vec4;
    %pushi/vec4 7, 0, 3;
    %cmp/u;
    %jmp/1 T_2.38, 6;
    %jmp T_2.39;
T_2.37 ;
    %load/vec4 v00000148f69d0d80_0;
    %parti/s 10, 3, 3;
    %pad/u 12;
    %ix/vec4 4;
    %load/vec4a v00000148f69d0f60, 4;
    %parti/s 32, 0, 2;
    %assign/vec4 v00000148f69d1780_0, 0;
    %jmp T_2.39;
T_2.38 ;
    %load/vec4 v00000148f69d0d80_0;
    %parti/s 10, 3, 3;
    %pad/u 12;
    %ix/vec4 4;
    %load/vec4a v00000148f69d0f60, 4;
    %parti/s 32, 32, 7;
    %assign/vec4 v00000148f69d1780_0, 0;
    %jmp T_2.39;
T_2.39 ;
    %pop/vec4 1;
    %jmp T_2.36;
T_2.35 ;
    %load/vec4 v00000148f69d1e60_0;
    %flag_set/vec4 8;
    %jmp/0xz  T_2.40, 8;
    %pushi/vec4 0, 0, 32;
    %store/vec4 v00000148f69d1780_0, 0, 32;
    %pushi/vec4 1, 0, 1;
    %load/vec4 v00000148f69d0d80_0;
    %parti/s 10, 3, 3;
    %pad/u 12;
    %ix/vec4 3;
    %ix/load 4, 0, 0; Constant delay
    %assign/vec4/a/d v00000148f69d1640, 0, 4;
    %load/vec4 v00000148f69d0d80_0;
    %parti/s 3, 0, 2;
    %pad/u 32;
    %cmpi/u 3, 0, 32;
    %flag_or 5, 4;
    %jmp/0xz  T_2.42, 5;
    %load/vec4 v00000148f69d1960_0;
    %load/vec4 v00000148f69d0d80_0;
    %parti/s 10, 3, 3;
    %pad/u 12;
    %ix/vec4 3;
    %ix/load 4, 0, 0; Constant delay
    %assign/vec4/a/d v00000148f69d0f60, 0, 4;
    %jmp T_2.43;
T_2.42 ;
    %load/vec4 v00000148f69d1960_0;
    %load/vec4 v00000148f69d0d80_0;
    %parti/s 10, 3, 3;
    %pad/u 12;
    %ix/vec4 3;
    %ix/load 4, 32, 0; part off
    %ix/load 5, 0, 0; Constant delay
    %assign/vec4/a/d v00000148f69d0f60, 4, 5;
T_2.43 ;
T_2.40 ;
T_2.36 ;
    %load/vec4 v00000148f69d0d80_0;
    %parti/s 10, 3, 3;
    %pad/u 12;
    %ix/vec4 4;
    %load/vec4a v00000148f69d1000, 4;
    %load/vec4 v00000148f69d0d80_0;
    %parti/s 10, 3, 3;
    %pad/u 12;
    %ix/vec4 4;
    %load/vec4a v00000148f69d0100, 4;
    %cmp/u;
    %flag_or 5, 4;
    %jmp/0xz  T_2.44, 5;
    %load/vec4 v00000148f69d0d80_0;
    %parti/s 10, 3, 3;
    %pad/u 12;
    %ix/vec4 4;
    %load/vec4a v00000148f69d1000, 4;
    %addi 1, 0, 2;
    %load/vec4 v00000148f69d0d80_0;
    %parti/s 10, 3, 3;
    %pad/u 12;
    %ix/vec4 3;
    %ix/load 4, 0, 0; Constant delay
    %assign/vec4/a/d v00000148f69d1000, 0, 4;
T_2.44 ;
    %load/vec4 v00000148f69d0d80_0;
    %parti/s 10, 3, 3;
    %pad/u 12;
    %ix/vec4 4;
    %load/vec4a v00000148f69d02e0, 4;
    %load/vec4 v00000148f69d0d80_0;
    %parti/s 10, 3, 3;
    %pad/u 12;
    %ix/vec4 4;
    %load/vec4a v00000148f69d0100, 4;
    %cmp/u;
    %flag_or 5, 4;
    %jmp/0xz  T_2.46, 5;
    %load/vec4 v00000148f69d0d80_0;
    %parti/s 10, 3, 3;
    %pad/u 12;
    %ix/vec4 4;
    %load/vec4a v00000148f69d02e0, 4;
    %addi 1, 0, 2;
    %load/vec4 v00000148f69d0d80_0;
    %parti/s 10, 3, 3;
    %pad/u 12;
    %ix/vec4 3;
    %ix/load 4, 0, 0; Constant delay
    %assign/vec4/a/d v00000148f69d02e0, 0, 4;
T_2.46 ;
    %load/vec4 v00000148f69d0d80_0;
    %parti/s 10, 3, 3;
    %pad/u 12;
    %ix/vec4 4;
    %load/vec4a v00000148f69d09c0, 4;
    %load/vec4 v00000148f69d0d80_0;
    %parti/s 10, 3, 3;
    %pad/u 12;
    %ix/vec4 4;
    %load/vec4a v00000148f69d0100, 4;
    %cmp/u;
    %flag_or 5, 4;
    %jmp/0xz  T_2.48, 5;
    %load/vec4 v00000148f69d0d80_0;
    %parti/s 10, 3, 3;
    %pad/u 12;
    %ix/vec4 4;
    %load/vec4a v00000148f69d09c0, 4;
    %addi 1, 0, 2;
    %load/vec4 v00000148f69d0d80_0;
    %parti/s 10, 3, 3;
    %pad/u 12;
    %ix/vec4 3;
    %ix/load 4, 0, 0; Constant delay
    %assign/vec4/a/d v00000148f69d09c0, 0, 4;
T_2.48 ;
    %pushi/vec4 0, 0, 2;
    %load/vec4 v00000148f69d0d80_0;
    %parti/s 10, 3, 3;
    %pad/u 12;
    %ix/vec4 3;
    %ix/load 4, 0, 0; Constant delay
    %assign/vec4/a/d v00000148f69d0100, 0, 4;
    %jmp T_2.33;
T_2.32 ;
    %load/vec4 v00000148f69d0d80_0;
    %parti/s 10, 3, 3;
    %pad/u 12;
    %ix/vec4 4;
    %load/vec4a v00000148f69d1dc0, 4;
    %flag_set/vec4 9;
    %flag_get/vec4 9;
    %jmp/0 T_2.52, 9;
    %load/vec4 v00000148f69d0d80_0;
    %parti/s 10, 3, 3;
    %pad/u 12;
    %ix/vec4 4;
    %load/vec4a v00000148f69d0880, 4;
    %load/vec4 v00000148f69d0d80_0;
    %parti/s 19, 13, 5;
    %cmp/e;
    %flag_get/vec4 4;
    %and;
T_2.52;
    %flag_set/vec4 8;
    %jmp/0xz  T_2.50, 8;
    %load/vec4 v00000148f69d1140_0;
    %flag_set/vec4 8;
    %jmp/0xz  T_2.53, 8;
    %load/vec4 v00000148f69d0d80_0;
    %parti/s 3, 0, 2;
    %dup/vec4;
    %pushi/vec4 3, 0, 3;
    %cmp/u;
    %jmp/1 T_2.55, 6;
    %dup/vec4;
    %pushi/vec4 7, 0, 3;
    %cmp/u;
    %jmp/1 T_2.56, 6;
    %jmp T_2.57;
T_2.55 ;
    %load/vec4 v00000148f69d0d80_0;
    %parti/s 10, 3, 3;
    %pad/u 12;
    %ix/vec4 4;
    %load/vec4a v00000148f69d1320, 4;
    %parti/s 32, 0, 2;
    %assign/vec4 v00000148f69d1780_0, 0;
    %jmp T_2.57;
T_2.56 ;
    %load/vec4 v00000148f69d0d80_0;
    %parti/s 10, 3, 3;
    %pad/u 12;
    %ix/vec4 4;
    %load/vec4a v00000148f69d1320, 4;
    %parti/s 32, 32, 7;
    %assign/vec4 v00000148f69d1780_0, 0;
    %jmp T_2.57;
T_2.57 ;
    %pop/vec4 1;
    %jmp T_2.54;
T_2.53 ;
    %load/vec4 v00000148f69d1e60_0;
    %flag_set/vec4 8;
    %jmp/0xz  T_2.58, 8;
    %pushi/vec4 0, 0, 32;
    %store/vec4 v00000148f69d1780_0, 0, 32;
    %pushi/vec4 1, 0, 1;
    %load/vec4 v00000148f69d0d80_0;
    %parti/s 10, 3, 3;
    %pad/u 12;
    %ix/vec4 3;
    %ix/load 4, 0, 0; Constant delay
    %assign/vec4/a/d v00000148f69d0ec0, 0, 4;
    %load/vec4 v00000148f69d0d80_0;
    %parti/s 3, 0, 2;
    %pad/u 32;
    %cmpi/u 3, 0, 32;
    %flag_or 5, 4;
    %jmp/0xz  T_2.60, 5;
    %load/vec4 v00000148f69d1960_0;
    %load/vec4 v00000148f69d0d80_0;
    %parti/s 10, 3, 3;
    %pad/u 12;
    %ix/vec4 3;
    %ix/load 4, 0, 0; Constant delay
    %assign/vec4/a/d v00000148f69d1320, 0, 4;
    %jmp T_2.61;
T_2.60 ;
    %load/vec4 v00000148f69d1960_0;
    %load/vec4 v00000148f69d0d80_0;
    %parti/s 10, 3, 3;
    %pad/u 12;
    %ix/vec4 3;
    %ix/load 4, 32, 0; part off
    %ix/load 5, 0, 0; Constant delay
    %assign/vec4/a/d v00000148f69d1320, 4, 5;
T_2.61 ;
T_2.58 ;
T_2.54 ;
    %load/vec4 v00000148f69d0d80_0;
    %parti/s 10, 3, 3;
    %pad/u 12;
    %ix/vec4 4;
    %load/vec4a v00000148f69d1000, 4;
    %load/vec4 v00000148f69d0d80_0;
    %parti/s 10, 3, 3;
    %pad/u 12;
    %ix/vec4 4;
    %load/vec4a v00000148f69d02e0, 4;
    %cmp/u;
    %flag_or 5, 4;
    %jmp/0xz  T_2.62, 5;
    %load/vec4 v00000148f69d0d80_0;
    %parti/s 10, 3, 3;
    %pad/u 12;
    %ix/vec4 4;
    %load/vec4a v00000148f69d1000, 4;
    %addi 1, 0, 2;
    %load/vec4 v00000148f69d0d80_0;
    %parti/s 10, 3, 3;
    %pad/u 12;
    %ix/vec4 3;
    %ix/load 4, 0, 0; Constant delay
    %assign/vec4/a/d v00000148f69d1000, 0, 4;
T_2.62 ;
    %load/vec4 v00000148f69d0d80_0;
    %parti/s 10, 3, 3;
    %pad/u 12;
    %ix/vec4 4;
    %load/vec4a v00000148f69d0100, 4;
    %load/vec4 v00000148f69d0d80_0;
    %parti/s 10, 3, 3;
    %pad/u 12;
    %ix/vec4 4;
    %load/vec4a v00000148f69d02e0, 4;
    %cmp/u;
    %flag_or 5, 4;
    %jmp/0xz  T_2.64, 5;
    %load/vec4 v00000148f69d0d80_0;
    %parti/s 10, 3, 3;
    %pad/u 12;
    %ix/vec4 4;
    %load/vec4a v00000148f69d0100, 4;
    %addi 1, 0, 2;
    %load/vec4 v00000148f69d0d80_0;
    %parti/s 10, 3, 3;
    %pad/u 12;
    %ix/vec4 3;
    %ix/load 4, 0, 0; Constant delay
    %assign/vec4/a/d v00000148f69d0100, 0, 4;
T_2.64 ;
    %load/vec4 v00000148f69d0d80_0;
    %parti/s 10, 3, 3;
    %pad/u 12;
    %ix/vec4 4;
    %load/vec4a v00000148f69d09c0, 4;
    %load/vec4 v00000148f69d0d80_0;
    %parti/s 10, 3, 3;
    %pad/u 12;
    %ix/vec4 4;
    %load/vec4a v00000148f69d02e0, 4;
    %cmp/u;
    %flag_or 5, 4;
    %jmp/0xz  T_2.66, 5;
    %load/vec4 v00000148f69d0d80_0;
    %parti/s 10, 3, 3;
    %pad/u 12;
    %ix/vec4 4;
    %load/vec4a v00000148f69d09c0, 4;
    %addi 1, 0, 2;
    %load/vec4 v00000148f69d0d80_0;
    %parti/s 10, 3, 3;
    %pad/u 12;
    %ix/vec4 3;
    %ix/load 4, 0, 0; Constant delay
    %assign/vec4/a/d v00000148f69d09c0, 0, 4;
T_2.66 ;
    %pushi/vec4 0, 0, 2;
    %load/vec4 v00000148f69d0d80_0;
    %parti/s 10, 3, 3;
    %pad/u 12;
    %ix/vec4 3;
    %ix/load 4, 0, 0; Constant delay
    %assign/vec4/a/d v00000148f69d02e0, 0, 4;
    %jmp T_2.51;
T_2.50 ;
    %load/vec4 v00000148f69d0d80_0;
    %parti/s 10, 3, 3;
    %pad/u 12;
    %ix/vec4 4;
    %load/vec4a v00000148f69d0920, 4;
    %flag_set/vec4 9;
    %flag_get/vec4 9;
    %jmp/0 T_2.70, 9;
    %load/vec4 v00000148f69d0d80_0;
    %parti/s 10, 3, 3;
    %pad/u 12;
    %ix/vec4 4;
    %load/vec4a v00000148f69d1be0, 4;
    %load/vec4 v00000148f69d0d80_0;
    %parti/s 19, 13, 5;
    %cmp/e;
    %flag_get/vec4 4;
    %and;
T_2.70;
    %flag_set/vec4 8;
    %jmp/0xz  T_2.68, 8;
    %load/vec4 v00000148f69d1140_0;
    %flag_set/vec4 8;
    %jmp/0xz  T_2.71, 8;
    %load/vec4 v00000148f69d0d80_0;
    %parti/s 3, 0, 2;
    %dup/vec4;
    %pushi/vec4 3, 0, 3;
    %cmp/u;
    %jmp/1 T_2.73, 6;
    %dup/vec4;
    %pushi/vec4 7, 0, 3;
    %cmp/u;
    %jmp/1 T_2.74, 6;
    %jmp T_2.75;
T_2.73 ;
    %load/vec4 v00000148f69d0d80_0;
    %parti/s 10, 3, 3;
    %pad/u 12;
    %ix/vec4 4;
    %load/vec4a v00000148f69d04c0, 4;
    %parti/s 32, 0, 2;
    %assign/vec4 v00000148f69d1780_0, 0;
    %jmp T_2.75;
T_2.74 ;
    %load/vec4 v00000148f69d0d80_0;
    %parti/s 10, 3, 3;
    %pad/u 12;
    %ix/vec4 4;
    %load/vec4a v00000148f69d04c0, 4;
    %parti/s 32, 32, 7;
    %assign/vec4 v00000148f69d1780_0, 0;
    %jmp T_2.75;
T_2.75 ;
    %pop/vec4 1;
    %jmp T_2.72;
T_2.71 ;
    %load/vec4 v00000148f69d1e60_0;
    %flag_set/vec4 8;
    %jmp/0xz  T_2.76, 8;
    %pushi/vec4 0, 0, 32;
    %store/vec4 v00000148f69d1780_0, 0, 32;
    %pushi/vec4 1, 0, 1;
    %load/vec4 v00000148f69d0d80_0;
    %parti/s 10, 3, 3;
    %pad/u 12;
    %ix/vec4 3;
    %ix/load 4, 0, 0; Constant delay
    %assign/vec4/a/d v00000148f69d1460, 0, 4;
    %load/vec4 v00000148f69d0d80_0;
    %parti/s 3, 0, 2;
    %pad/u 32;
    %cmpi/u 3, 0, 32;
    %flag_or 5, 4;
    %jmp/0xz  T_2.78, 5;
    %load/vec4 v00000148f69d1960_0;
    %load/vec4 v00000148f69d0d80_0;
    %parti/s 10, 3, 3;
    %pad/u 12;
    %ix/vec4 3;
    %ix/load 4, 0, 0; Constant delay
    %assign/vec4/a/d v00000148f69d04c0, 0, 4;
    %jmp T_2.79;
T_2.78 ;
    %load/vec4 v00000148f69d1960_0;
    %load/vec4 v00000148f69d0d80_0;
    %parti/s 10, 3, 3;
    %pad/u 12;
    %ix/vec4 3;
    %ix/load 4, 32, 0; part off
    %ix/load 5, 0, 0; Constant delay
    %assign/vec4/a/d v00000148f69d04c0, 4, 5;
T_2.79 ;
T_2.76 ;
T_2.72 ;
    %load/vec4 v00000148f69d0d80_0;
    %parti/s 10, 3, 3;
    %pad/u 12;
    %ix/vec4 4;
    %load/vec4a v00000148f69d1000, 4;
    %load/vec4 v00000148f69d0d80_0;
    %parti/s 10, 3, 3;
    %pad/u 12;
    %ix/vec4 4;
    %load/vec4a v00000148f69d09c0, 4;
    %cmp/u;
    %flag_or 5, 4;
    %jmp/0xz  T_2.80, 5;
    %load/vec4 v00000148f69d0d80_0;
    %parti/s 10, 3, 3;
    %pad/u 12;
    %ix/vec4 4;
    %load/vec4a v00000148f69d1000, 4;
    %addi 1, 0, 2;
    %load/vec4 v00000148f69d0d80_0;
    %parti/s 10, 3, 3;
    %pad/u 12;
    %ix/vec4 3;
    %ix/load 4, 0, 0; Constant delay
    %assign/vec4/a/d v00000148f69d1000, 0, 4;
T_2.80 ;
    %load/vec4 v00000148f69d0d80_0;
    %parti/s 10, 3, 3;
    %pad/u 12;
    %ix/vec4 4;
    %load/vec4a v00000148f69d0100, 4;
    %load/vec4 v00000148f69d0d80_0;
    %parti/s 10, 3, 3;
    %pad/u 12;
    %ix/vec4 4;
    %load/vec4a v00000148f69d09c0, 4;
    %cmp/u;
    %flag_or 5, 4;
    %jmp/0xz  T_2.82, 5;
    %load/vec4 v00000148f69d0d80_0;
    %parti/s 10, 3, 3;
    %pad/u 12;
    %ix/vec4 4;
    %load/vec4a v00000148f69d0100, 4;
    %addi 1, 0, 2;
    %load/vec4 v00000148f69d0d80_0;
    %parti/s 10, 3, 3;
    %pad/u 12;
    %ix/vec4 3;
    %ix/load 4, 0, 0; Constant delay
    %assign/vec4/a/d v00000148f69d0100, 0, 4;
T_2.82 ;
    %load/vec4 v00000148f69d0d80_0;
    %parti/s 10, 3, 3;
    %pad/u 12;
    %ix/vec4 4;
    %load/vec4a v00000148f69d02e0, 4;
    %load/vec4 v00000148f69d0d80_0;
    %parti/s 10, 3, 3;
    %pad/u 12;
    %ix/vec4 4;
    %load/vec4a v00000148f69d09c0, 4;
    %cmp/u;
    %flag_or 5, 4;
    %jmp/0xz  T_2.84, 5;
    %load/vec4 v00000148f69d0d80_0;
    %parti/s 10, 3, 3;
    %pad/u 12;
    %ix/vec4 4;
    %load/vec4a v00000148f69d02e0, 4;
    %addi 1, 0, 2;
    %load/vec4 v00000148f69d0d80_0;
    %parti/s 10, 3, 3;
    %pad/u 12;
    %ix/vec4 3;
    %ix/load 4, 0, 0; Constant delay
    %assign/vec4/a/d v00000148f69d02e0, 0, 4;
T_2.84 ;
    %pushi/vec4 0, 0, 2;
    %load/vec4 v00000148f69d0d80_0;
    %parti/s 10, 3, 3;
    %pad/u 12;
    %ix/vec4 3;
    %ix/load 4, 0, 0; Constant delay
    %assign/vec4/a/d v00000148f69d09c0, 0, 4;
    %jmp T_2.69;
T_2.68 ;
    %pushi/vec4 1, 0, 1;
    %assign/vec4 v00000148f69d0240_0, 0;
T_2.69 ;
T_2.51 ;
T_2.33 ;
T_2.15 ;
T_2.12 ;
    %jmp T_2.3;
T_2.1 ;
    %load/vec4 v00000148f69d0d80_0;
    %parti/s 10, 3, 3;
    %pad/u 12;
    %ix/vec4 4;
    %load/vec4a v00000148f69d1fa0, 4;
    %inv;
    %flag_set/vec4 8;
    %jmp/0xz  T_2.86, 8;
    %load/vec4 v00000148f69d0420_0;
    %pad/u 64;
    %load/vec4 v00000148f69d0d80_0;
    %parti/s 10, 3, 3;
    %pad/u 12;
    %ix/vec4 3;
    %ix/load 4, 0, 0; Constant delay
    %assign/vec4/a/d v00000148f69d18c0, 0, 4;
    %load/vec4 v00000148f69d0d80_0;
    %parti/s 19, 13, 5;
    %load/vec4 v00000148f69d0d80_0;
    %parti/s 10, 3, 3;
    %pad/u 12;
    %ix/vec4 3;
    %ix/load 4, 0, 0; Constant delay
    %assign/vec4/a/d v00000148f69d1500, 0, 4;
    %pushi/vec4 0, 0, 1;
    %load/vec4 v00000148f69d0d80_0;
    %parti/s 10, 3, 3;
    %pad/u 12;
    %ix/vec4 3;
    %ix/load 4, 0, 0; Constant delay
    %assign/vec4/a/d v00000148f69d1f00, 0, 4;
    %pushi/vec4 1, 0, 1;
    %load/vec4 v00000148f69d0d80_0;
    %parti/s 10, 3, 3;
    %pad/u 12;
    %ix/vec4 3;
    %ix/load 4, 0, 0; Constant delay
    %assign/vec4/a/d v00000148f69d1fa0, 0, 4;
    %jmp T_2.87;
T_2.86 ;
    %load/vec4 v00000148f69d0d80_0;
    %parti/s 10, 3, 3;
    %pad/u 12;
    %ix/vec4 4;
    %load/vec4a v00000148f69d1d20, 4;
    %inv;
    %flag_set/vec4 8;
    %jmp/0xz  T_2.88, 8;
    %load/vec4 v00000148f69d0420_0;
    %pad/u 64;
    %load/vec4 v00000148f69d0d80_0;
    %parti/s 10, 3, 3;
    %pad/u 12;
    %ix/vec4 3;
    %ix/load 4, 0, 0; Constant delay
    %assign/vec4/a/d v00000148f69d0f60, 0, 4;
    %load/vec4 v00000148f69d0d80_0;
    %parti/s 19, 13, 5;
    %load/vec4 v00000148f69d0d80_0;
    %parti/s 10, 3, 3;
    %pad/u 12;
    %ix/vec4 3;
    %ix/load 4, 0, 0; Constant delay
    %assign/vec4/a/d v00000148f69d1b40, 0, 4;
    %pushi/vec4 0, 0, 1;
    %load/vec4 v00000148f69d0d80_0;
    %parti/s 10, 3, 3;
    %pad/u 12;
    %ix/vec4 3;
    %ix/load 4, 0, 0; Constant delay
    %assign/vec4/a/d v00000148f69d1640, 0, 4;
    %pushi/vec4 1, 0, 1;
    %load/vec4 v00000148f69d0d80_0;
    %parti/s 10, 3, 3;
    %pad/u 12;
    %ix/vec4 3;
    %ix/load 4, 0, 0; Constant delay
    %assign/vec4/a/d v00000148f69d1d20, 0, 4;
    %jmp T_2.89;
T_2.88 ;
    %load/vec4 v00000148f69d0d80_0;
    %parti/s 10, 3, 3;
    %pad/u 12;
    %ix/vec4 4;
    %load/vec4a v00000148f69d1dc0, 4;
    %inv;
    %flag_set/vec4 8;
    %jmp/0xz  T_2.90, 8;
    %load/vec4 v00000148f69d0420_0;
    %pad/u 64;
    %load/vec4 v00000148f69d0d80_0;
    %parti/s 10, 3, 3;
    %pad/u 12;
    %ix/vec4 3;
    %ix/load 4, 0, 0; Constant delay
    %assign/vec4/a/d v00000148f69d1320, 0, 4;
    %load/vec4 v00000148f69d0d80_0;
    %parti/s 19, 13, 5;
    %load/vec4 v00000148f69d0d80_0;
    %parti/s 10, 3, 3;
    %pad/u 12;
    %ix/vec4 3;
    %ix/load 4, 0, 0; Constant delay
    %assign/vec4/a/d v00000148f69d0880, 0, 4;
    %pushi/vec4 0, 0, 1;
    %load/vec4 v00000148f69d0d80_0;
    %parti/s 10, 3, 3;
    %pad/u 12;
    %ix/vec4 3;
    %ix/load 4, 0, 0; Constant delay
    %assign/vec4/a/d v00000148f69d0ec0, 0, 4;
    %pushi/vec4 1, 0, 1;
    %load/vec4 v00000148f69d0d80_0;
    %parti/s 10, 3, 3;
    %pad/u 12;
    %ix/vec4 3;
    %ix/load 4, 0, 0; Constant delay
    %assign/vec4/a/d v00000148f69d1dc0, 0, 4;
    %jmp T_2.91;
T_2.90 ;
    %load/vec4 v00000148f69d0d80_0;
    %parti/s 10, 3, 3;
    %pad/u 12;
    %ix/vec4 4;
    %load/vec4a v00000148f69d0920, 4;
    %inv;
    %flag_set/vec4 8;
    %jmp/0xz  T_2.92, 8;
    %load/vec4 v00000148f69d0420_0;
    %pad/u 64;
    %load/vec4 v00000148f69d0d80_0;
    %parti/s 10, 3, 3;
    %pad/u 12;
    %ix/vec4 3;
    %ix/load 4, 0, 0; Constant delay
    %assign/vec4/a/d v00000148f69d04c0, 0, 4;
    %load/vec4 v00000148f69d0d80_0;
    %parti/s 19, 13, 5;
    %load/vec4 v00000148f69d0d80_0;
    %parti/s 10, 3, 3;
    %pad/u 12;
    %ix/vec4 3;
    %ix/load 4, 0, 0; Constant delay
    %assign/vec4/a/d v00000148f69d1be0, 0, 4;
    %pushi/vec4 0, 0, 1;
    %load/vec4 v00000148f69d0d80_0;
    %parti/s 10, 3, 3;
    %pad/u 12;
    %ix/vec4 3;
    %ix/load 4, 0, 0; Constant delay
    %assign/vec4/a/d v00000148f69d1460, 0, 4;
    %pushi/vec4 1, 0, 1;
    %load/vec4 v00000148f69d0d80_0;
    %parti/s 10, 3, 3;
    %pad/u 12;
    %ix/vec4 3;
    %ix/load 4, 0, 0; Constant delay
    %assign/vec4/a/d v00000148f69d0920, 0, 4;
    %jmp T_2.93;
T_2.92 ;
    %load/vec4 v00000148f69d0d80_0;
    %parti/s 10, 3, 3;
    %pad/u 12;
    %ix/vec4 4;
    %load/vec4a v00000148f69d1000, 4;
    %cmpi/e 3, 0, 2;
    %jmp/0xz  T_2.94, 4;
    %load/vec4 v00000148f69d0d80_0;
    %parti/s 10, 3, 3;
    %pad/u 12;
    %ix/vec4 4;
    %load/vec4a v00000148f69d1f00, 4;
    %pad/u 32;
    %cmpi/e 1, 0, 32;
    %jmp/0xz  T_2.96, 4;
    %load/vec4 v00000148f69d0d80_0;
    %parti/s 10, 3, 3;
    %pad/u 12;
    %ix/vec4 4;
    %load/vec4a v00000148f69d1500, 4;
    %load/vec4 v00000148f69d0d80_0;
    %parti/s 10, 3, 3;
    %concat/vec4; draw_concat_vec4
    %pad/u 32;
    %assign/vec4 v00000148f69d1aa0_0, 0;
    %pushi/vec4 1, 0, 1;
    %assign/vec4 v00000148f69d1280_0, 0;
    %load/vec4 v00000148f69d0d80_0;
    %parti/s 10, 3, 3;
    %pad/u 12;
    %ix/vec4 4;
    %load/vec4a v00000148f69d18c0, 4;
    %assign/vec4 v00000148f69d1a00_0, 0;
T_2.96 ;
    %load/vec4 v00000148f69d1c80_0;
    %load/vec4 v00000148f69d0d80_0;
    %parti/s 10, 3, 3;
    %pad/u 12;
    %ix/vec4 3;
    %ix/load 4, 0, 0; Constant delay
    %assign/vec4/a/d v00000148f69d18c0, 0, 4;
    %load/vec4 v00000148f69d0d80_0;
    %parti/s 19, 13, 5;
    %load/vec4 v00000148f69d0d80_0;
    %parti/s 10, 3, 3;
    %pad/u 12;
    %ix/vec4 3;
    %ix/load 4, 0, 0; Constant delay
    %assign/vec4/a/d v00000148f69d1500, 0, 4;
    %pushi/vec4 0, 0, 1;
    %load/vec4 v00000148f69d0d80_0;
    %parti/s 10, 3, 3;
    %pad/u 12;
    %ix/vec4 3;
    %ix/load 4, 0, 0; Constant delay
    %assign/vec4/a/d v00000148f69d1f00, 0, 4;
    %pushi/vec4 1, 0, 1;
    %load/vec4 v00000148f69d0d80_0;
    %parti/s 10, 3, 3;
    %pad/u 12;
    %ix/vec4 3;
    %ix/load 4, 0, 0; Constant delay
    %assign/vec4/a/d v00000148f69d1fa0, 0, 4;
    %jmp T_2.95;
T_2.94 ;
    %load/vec4 v00000148f69d0d80_0;
    %parti/s 10, 3, 3;
    %pad/u 12;
    %ix/vec4 4;
    %load/vec4a v00000148f69d0100, 4;
    %cmpi/e 3, 0, 2;
    %jmp/0xz  T_2.98, 4;
    %load/vec4 v00000148f69d0d80_0;
    %parti/s 10, 3, 3;
    %pad/u 12;
    %ix/vec4 4;
    %load/vec4a v00000148f69d1640, 4;
    %pad/u 32;
    %cmpi/e 1, 0, 32;
    %jmp/0xz  T_2.100, 4;
    %load/vec4 v00000148f69d0d80_0;
    %parti/s 10, 3, 3;
    %pad/u 12;
    %ix/vec4 4;
    %load/vec4a v00000148f69d1b40, 4;
    %load/vec4 v00000148f69d0d80_0;
    %parti/s 10, 3, 3;
    %concat/vec4; draw_concat_vec4
    %pad/u 32;
    %assign/vec4 v00000148f69d1aa0_0, 0;
    %pushi/vec4 1, 0, 1;
    %assign/vec4 v00000148f69d1280_0, 0;
    %load/vec4 v00000148f69d0d80_0;
    %parti/s 10, 3, 3;
    %pad/u 12;
    %ix/vec4 4;
    %load/vec4a v00000148f69d0f60, 4;
    %assign/vec4 v00000148f69d1a00_0, 0;
T_2.100 ;
    %load/vec4 v00000148f69d1c80_0;
    %load/vec4 v00000148f69d0d80_0;
    %parti/s 10, 3, 3;
    %pad/u 12;
    %ix/vec4 3;
    %ix/load 4, 0, 0; Constant delay
    %assign/vec4/a/d v00000148f69d0f60, 0, 4;
    %load/vec4 v00000148f69d0d80_0;
    %parti/s 19, 13, 5;
    %load/vec4 v00000148f69d0d80_0;
    %parti/s 10, 3, 3;
    %pad/u 12;
    %ix/vec4 3;
    %ix/load 4, 0, 0; Constant delay
    %assign/vec4/a/d v00000148f69d1b40, 0, 4;
    %pushi/vec4 0, 0, 1;
    %load/vec4 v00000148f69d0d80_0;
    %parti/s 10, 3, 3;
    %pad/u 12;
    %ix/vec4 3;
    %ix/load 4, 0, 0; Constant delay
    %assign/vec4/a/d v00000148f69d1640, 0, 4;
    %pushi/vec4 1, 0, 1;
    %load/vec4 v00000148f69d0d80_0;
    %parti/s 10, 3, 3;
    %pad/u 12;
    %ix/vec4 3;
    %ix/load 4, 0, 0; Constant delay
    %assign/vec4/a/d v00000148f69d1d20, 0, 4;
    %jmp T_2.99;
T_2.98 ;
    %load/vec4 v00000148f69d0d80_0;
    %parti/s 10, 3, 3;
    %pad/u 12;
    %ix/vec4 4;
    %load/vec4a v00000148f69d02e0, 4;
    %cmpi/e 3, 0, 2;
    %jmp/0xz  T_2.102, 4;
    %load/vec4 v00000148f69d0d80_0;
    %parti/s 10, 3, 3;
    %pad/u 12;
    %ix/vec4 4;
    %load/vec4a v00000148f69d0ec0, 4;
    %pad/u 32;
    %cmpi/e 1, 0, 32;
    %jmp/0xz  T_2.104, 4;
    %load/vec4 v00000148f69d0d80_0;
    %parti/s 10, 3, 3;
    %pad/u 12;
    %ix/vec4 4;
    %load/vec4a v00000148f69d0880, 4;
    %load/vec4 v00000148f69d0d80_0;
    %parti/s 10, 3, 3;
    %concat/vec4; draw_concat_vec4
    %pad/u 32;
    %assign/vec4 v00000148f69d1aa0_0, 0;
    %pushi/vec4 1, 0, 1;
    %assign/vec4 v00000148f69d1280_0, 0;
    %load/vec4 v00000148f69d0d80_0;
    %parti/s 10, 3, 3;
    %pad/u 12;
    %ix/vec4 4;
    %load/vec4a v00000148f69d1320, 4;
    %assign/vec4 v00000148f69d1a00_0, 0;
T_2.104 ;
    %load/vec4 v00000148f69d1c80_0;
    %load/vec4 v00000148f69d0d80_0;
    %parti/s 10, 3, 3;
    %pad/u 12;
    %ix/vec4 3;
    %ix/load 4, 0, 0; Constant delay
    %assign/vec4/a/d v00000148f69d1320, 0, 4;
    %load/vec4 v00000148f69d0d80_0;
    %parti/s 19, 13, 5;
    %load/vec4 v00000148f69d0d80_0;
    %parti/s 10, 3, 3;
    %pad/u 12;
    %ix/vec4 3;
    %ix/load 4, 0, 0; Constant delay
    %assign/vec4/a/d v00000148f69d0880, 0, 4;
    %pushi/vec4 0, 0, 1;
    %load/vec4 v00000148f69d0d80_0;
    %parti/s 10, 3, 3;
    %pad/u 12;
    %ix/vec4 3;
    %ix/load 4, 0, 0; Constant delay
    %assign/vec4/a/d v00000148f69d0ec0, 0, 4;
    %pushi/vec4 1, 0, 1;
    %load/vec4 v00000148f69d0d80_0;
    %parti/s 10, 3, 3;
    %pad/u 12;
    %ix/vec4 3;
    %ix/load 4, 0, 0; Constant delay
    %assign/vec4/a/d v00000148f69d1dc0, 0, 4;
    %jmp T_2.103;
T_2.102 ;
    %load/vec4 v00000148f69d0d80_0;
    %parti/s 10, 3, 3;
    %pad/u 12;
    %ix/vec4 4;
    %load/vec4a v00000148f69d09c0, 4;
    %cmpi/e 3, 0, 2;
    %jmp/0xz  T_2.106, 4;
    %load/vec4 v00000148f69d0d80_0;
    %parti/s 10, 3, 3;
    %pad/u 12;
    %ix/vec4 4;
    %load/vec4a v00000148f69d1460, 4;
    %pad/u 32;
    %cmpi/e 1, 0, 32;
    %jmp/0xz  T_2.108, 4;
    %load/vec4 v00000148f69d0d80_0;
    %parti/s 10, 3, 3;
    %pad/u 12;
    %ix/vec4 4;
    %load/vec4a v00000148f69d1be0, 4;
    %load/vec4 v00000148f69d0d80_0;
    %parti/s 10, 3, 3;
    %concat/vec4; draw_concat_vec4
    %pad/u 32;
    %assign/vec4 v00000148f69d1aa0_0, 0;
    %pushi/vec4 1, 0, 1;
    %assign/vec4 v00000148f69d1280_0, 0;
    %load/vec4 v00000148f69d0d80_0;
    %parti/s 10, 3, 3;
    %pad/u 12;
    %ix/vec4 4;
    %load/vec4a v00000148f69d04c0, 4;
    %assign/vec4 v00000148f69d1a00_0, 0;
T_2.108 ;
    %load/vec4 v00000148f69d1c80_0;
    %load/vec4 v00000148f69d0d80_0;
    %parti/s 10, 3, 3;
    %pad/u 12;
    %ix/vec4 3;
    %ix/load 4, 0, 0; Constant delay
    %assign/vec4/a/d v00000148f69d04c0, 0, 4;
    %load/vec4 v00000148f69d0d80_0;
    %parti/s 19, 13, 5;
    %load/vec4 v00000148f69d0d80_0;
    %parti/s 10, 3, 3;
    %pad/u 12;
    %ix/vec4 3;
    %ix/load 4, 0, 0; Constant delay
    %assign/vec4/a/d v00000148f69d1be0, 0, 4;
    %pushi/vec4 0, 0, 1;
    %load/vec4 v00000148f69d0d80_0;
    %parti/s 10, 3, 3;
    %pad/u 12;
    %ix/vec4 3;
    %ix/load 4, 0, 0; Constant delay
    %assign/vec4/a/d v00000148f69d1460, 0, 4;
    %pushi/vec4 1, 0, 1;
    %load/vec4 v00000148f69d0d80_0;
    %parti/s 10, 3, 3;
    %pad/u 12;
    %ix/vec4 3;
    %ix/load 4, 0, 0; Constant delay
    %assign/vec4/a/d v00000148f69d0920, 0, 4;
T_2.106 ;
T_2.103 ;
T_2.99 ;
T_2.95 ;
T_2.93 ;
T_2.91 ;
T_2.89 ;
T_2.87 ;
    %pushi/vec4 0, 0, 1;
    %assign/vec4 v00000148f69d0240_0, 0;
    %jmp T_2.3;
T_2.3 ;
    %pop/vec4 1;
    %jmp T_2;
    .thread T_2;
    .scope S_00000148f68f9c50;
T_3 ;
    %vpi_call/w 5 38 "$readmemh", P_00000148f698a9c8, v00000148f69d0600 {0 0 0};
    %end;
    .thread T_3;
    .scope S_00000148f68f9c50;
T_4 ;
    %wait E_00000148f68db260;
    %load/vec4 v00000148f69d0c40_0;
    %flag_set/vec4 8;
    %jmp/0xz  T_4.0, 8;
    %load/vec4 v00000148f69d0380_0;
    %load/vec4 v00000148f69d0b00_0;
    %pad/u 9;
    %ix/vec4 3;
    %ix/load 4, 0, 0; Constant delay
    %assign/vec4/a/d v00000148f69d0600, 0, 4;
T_4.0 ;
    %jmp T_4;
    .thread T_4;
    .scope S_00000148f68f9c50;
T_5 ;
    %wait E_00000148f68db260;
    %load/vec4 v00000148f69d07e0_0;
    %flag_set/vec4 8;
    %jmp/0xz  T_5.0, 8;
    %load/vec4 v00000148f69d0740_0;
    %pad/u 9;
    %ix/vec4 4;
    %load/vec4a v00000148f69d0600, 4;
    %assign/vec4 v00000148f69d06a0_0, 0;
T_5.0 ;
    %jmp T_5;
    .thread T_5;
    .scope S_00000148f68b66b0;
T_6 ;
    %pushi/vec4 0, 0, 32;
    %store/vec4 v00000148f691b730_0, 0, 32;
    %pushi/vec4 0, 0, 32;
    %store/vec4 v00000148f691bc30_0, 0, 32;
    %pushi/vec4 0, 0, 1;
    %store/vec4 v00000148f691a0b0_0, 0, 1;
    %pushi/vec4 0, 0, 1;
    %store/vec4 v00000148f691a650_0, 0, 1;
    %end;
    .thread T_6, $init;
    .scope S_00000148f68b66b0;
T_7 ;
    %vpi_call/w 3 65 "$dumpfile", "wave.vcd" {0 0 0};
    %vpi_call/w 3 66 "$dumpvars", 32'sb00000000000000000000000000000000, S_00000148f68b66b0 {0 0 0};
    %end;
    .thread T_7;
    .scope S_00000148f68b66b0;
T_8 ;
    %delay 100000, 0;
    %pushi/vec4 8, 0, 32;
    %assign/vec4 v00000148f691b730_0, 0;
    %pushi/vec4 0, 0, 32;
    %assign/vec4 v00000148f691bc30_0, 0;
    %pushi/vec4 1, 0, 1;
    %assign/vec4 v00000148f691a0b0_0, 0;
    %pushi/vec4 0, 0, 1;
    %assign/vec4 v00000148f691a650_0, 0;
    %delay 100000, 0;
    %pushi/vec4 8, 0, 32;
    %assign/vec4 v00000148f691b730_0, 0;
    %pushi/vec4 3135094511, 0, 32;
    %assign/vec4 v00000148f691bc30_0, 0;
    %pushi/vec4 0, 0, 1;
    %assign/vec4 v00000148f691a0b0_0, 0;
    %pushi/vec4 1, 0, 1;
    %assign/vec4 v00000148f691a650_0, 0;
    %delay 100000, 0;
    %pushi/vec4 11, 0, 32;
    %assign/vec4 v00000148f691b730_0, 0;
    %pushi/vec4 0, 0, 32;
    %assign/vec4 v00000148f691bc30_0, 0;
    %pushi/vec4 0, 0, 1;
    %assign/vec4 v00000148f691a0b0_0, 0;
    %pushi/vec4 1, 0, 1;
    %assign/vec4 v00000148f691a650_0, 0;
    %delay 100000, 0;
    %pushi/vec4 12, 0, 32;
    %assign/vec4 v00000148f691b730_0, 0;
    %pushi/vec4 2863311530, 0, 32;
    %assign/vec4 v00000148f691bc30_0, 0;
    %pushi/vec4 0, 0, 1;
    %assign/vec4 v00000148f691a0b0_0, 0;
    %pushi/vec4 1, 0, 1;
    %assign/vec4 v00000148f691a650_0, 0;
    %delay 100000, 0;
    %pushi/vec4 268435464, 0, 32;
    %assign/vec4 v00000148f691b730_0, 0;
    %pushi/vec4 0, 0, 32;
    %assign/vec4 v00000148f691bc30_0, 0;
    %pushi/vec4 1, 0, 1;
    %assign/vec4 v00000148f691a0b0_0, 0;
    %pushi/vec4 0, 0, 1;
    %assign/vec4 v00000148f691a650_0, 0;
    %delay 100000, 0;
    %pushi/vec4 536870920, 0, 32;
    %assign/vec4 v00000148f691b730_0, 0;
    %pushi/vec4 0, 0, 32;
    %assign/vec4 v00000148f691bc30_0, 0;
    %pushi/vec4 1, 0, 1;
    %assign/vec4 v00000148f691a0b0_0, 0;
    %pushi/vec4 0, 0, 1;
    %assign/vec4 v00000148f691a650_0, 0;
    %delay 100000, 0;
    %pushi/vec4 805306376, 0, 32;
    %assign/vec4 v00000148f691b730_0, 0;
    %pushi/vec4 0, 0, 32;
    %assign/vec4 v00000148f691bc30_0, 0;
    %pushi/vec4 1, 0, 1;
    %assign/vec4 v00000148f691a0b0_0, 0;
    %pushi/vec4 0, 0, 1;
    %assign/vec4 v00000148f691a650_0, 0;
    %delay 100000, 0;
    %pushi/vec4 1073741832, 0, 32;
    %assign/vec4 v00000148f691b730_0, 0;
    %pushi/vec4 0, 0, 32;
    %assign/vec4 v00000148f691bc30_0, 0;
    %pushi/vec4 1, 0, 1;
    %assign/vec4 v00000148f691a0b0_0, 0;
    %pushi/vec4 0, 0, 1;
    %assign/vec4 v00000148f691a650_0, 0;
    %delay 100000, 0;
    %pushi/vec4 8, 0, 32;
    %assign/vec4 v00000148f691b730_0, 0;
    %pushi/vec4 0, 0, 32;
    %assign/vec4 v00000148f691bc30_0, 0;
    %pushi/vec4 1, 0, 1;
    %assign/vec4 v00000148f691a0b0_0, 0;
    %pushi/vec4 0, 0, 1;
    %assign/vec4 v00000148f691a650_0, 0;
    %delay 100000, 0;
    %pushi/vec4 268435464, 0, 32;
    %assign/vec4 v00000148f691b730_0, 0;
    %pushi/vec4 3135094511, 0, 32;
    %assign/vec4 v00000148f691bc30_0, 0;
    %pushi/vec4 0, 0, 1;
    %assign/vec4 v00000148f691a0b0_0, 0;
    %pushi/vec4 1, 0, 1;
    %assign/vec4 v00000148f691a650_0, 0;
    %delay 50000, 0;
    %vpi_call/w 3 239 "$finish" {0 0 0};
    %jmp T_8;
    .thread T_8;
    .scope S_00000148f68b66b0;
T_9 ;
    %vpi_call/w 3 245 "$monitor", "time=%4d | addr=%10d | hm=%b | q=%08x | way1=%08h | way2=%08h | way3=%08h | way4=%08h | mem[1]=%08h | lru1=%d | lru2=%d | lru3=%d | lru4=%d", $time, v00000148f691b730_0, v00000148f691b410_0, v00000148f69d15a0_0, &A<v00000148f69d18c0, 1>, &A<v00000148f69d0f60, 1>, &A<v00000148f69d1320, 1>, &A<v00000148f69d04c0, 1>, &A<v00000148f69d0600, 1>, &A<v00000148f69d1000, 1>, &A<v00000148f69d0100, 1>, &A<v00000148f69d02e0, 1>, &A<v00000148f69d09c0, 1> {0 0 0};
    %end;
    .thread T_9;
    .scope S_00000148f68b66b0;
T_10 ;
    %pushi/vec4 0, 0, 1;
    %store/vec4 v00000148f69d0ce0_0, 0, 1;
    %end;
    .thread T_10;
    .scope S_00000148f68b66b0;
T_11 ;
    %delay 5000, 0;
    %load/vec4 v00000148f69d0ce0_0;
    %inv;
    %store/vec4 v00000148f69d0ce0_0, 0, 1;
    %jmp T_11;
    .thread T_11;
# The file index is used to find the file name in the following table.
:file_names 6;
    "N/A";
    "<interactive>";
    "-";
    "d_cache_tb.v";
    "./cache.v";
    "./mem.v";
